<?xml version="1.0" encoding="UTF-8"?>
<robot generator="Robot 4.1.3 (Python 3.10.2 on win32)" generated="20230110 10:01:16.171" rpa="false" schemaversion="2">
<suite id="s1" name="Login" source="c:\Users\vinicius\swag_labs\resources\data\login\login.robot">
<test id="s1-t1" name="Cenário 1 - Realizar Login com Username válido">
<kw name="Dado que estou na pagina de Login do Swag Labs" library="LoginSteps">
<kw name="Open Browser" library="Selenium2Library">
<arg>${URL}</arg>
<arg>Edge</arg>
<doc>Opens a new browser instance to the optional ``url``.</doc>
<msg timestamp="20230110 10:01:16.741" level="INFO">Opening browser 'Edge' to base url 'https://www.saucedemo.com/'.</msg>
<status status="PASS" starttime="20230110 10:01:16.741" endtime="20230110 10:01:23.227"/>
</kw>
<status status="PASS" starttime="20230110 10:01:16.740" endtime="20230110 10:01:23.230"/>
</kw>
<kw name="E preencho o campo Username com &quot;standard_user&quot;" library="LoginSteps" sourcename="E preencho o campo Username com &quot;${email}&quot;">
<kw name="Input Text" library="Selenium2Library">
<arg>${input_username}</arg>
<arg>${email}</arg>
<doc>Types the given ``text`` into the text field identified by ``locator``.</doc>
<msg timestamp="20230110 10:01:23.235" level="INFO">Typing text 'standard_user' into text field 'css:input#user-name'.</msg>
<status status="PASS" starttime="20230110 10:01:23.234" endtime="20230110 10:01:23.966"/>
</kw>
<status status="PASS" starttime="20230110 10:01:23.232" endtime="20230110 10:01:23.967"/>
</kw>
<kw name="E preencho o campo Password com &quot;secret_sauce&quot;" library="LoginSteps" sourcename="E preencho o campo Password com &quot;${senha}&quot;">
<kw name="Sleep" library="BuiltIn">
<arg>2s</arg>
<doc>Pauses the test executed for the given time.</doc>
<msg timestamp="20230110 10:01:25.978" level="INFO">Slept 2 seconds</msg>
<status status="PASS" starttime="20230110 10:01:23.969" endtime="20230110 10:01:25.980"/>
</kw>
<kw name="Input Text" library="Selenium2Library">
<arg>${input_senha}</arg>
<arg>${senha}</arg>
<doc>Types the given ``text`` into the text field identified by ``locator``.</doc>
<msg timestamp="20230110 10:01:25.983" level="INFO">Typing text 'secret_sauce' into text field 'css:input#password'.</msg>
<status status="PASS" starttime="20230110 10:01:25.981" endtime="20230110 10:01:26.165"/>
</kw>
<status status="PASS" starttime="20230110 10:01:23.968" endtime="20230110 10:01:26.165"/>
</kw>
<kw name="Quando clico no botao Login" library="LoginSteps">
<kw name="Click Element" library="Selenium2Library">
<arg>${botao_login}</arg>
<doc>Click the element identified by ``locator``.</doc>
<msg timestamp="20230110 10:01:26.169" level="INFO">Clicking element 'css:input#login-button'.</msg>
<status status="PASS" starttime="20230110 10:01:26.169" endtime="20230110 10:01:26.921"/>
</kw>
<status status="PASS" starttime="20230110 10:01:26.167" endtime="20230110 10:01:26.921"/>
</kw>
<kw name="Entao consigo entrar no sistema com sucesso!!!" library="LoginSteps">
<kw name="Get Text" library="Selenium2Library">
<var>${titulo_paginaInicial}</var>
<arg>${verifica_titulo}</arg>
<doc>Returns the text value of the element identified by ``locator``.</doc>
<msg timestamp="20230110 10:01:27.008" level="INFO">${titulo_paginaInicial} = PRODUCTS</msg>
<status status="PASS" starttime="20230110 10:01:26.925" endtime="20230110 10:01:27.008"/>
</kw>
<kw name="Should Be Equal" library="BuiltIn">
<arg>${titulo}</arg>
<arg>${titulo_paginaInicial}</arg>
<doc>Fails if the given objects are unequal.</doc>
<status status="PASS" starttime="20230110 10:01:27.012" endtime="20230110 10:01:27.014"/>
</kw>
<status status="PASS" starttime="20230110 10:01:26.924" endtime="20230110 10:01:27.015"/>
</kw>
<kw name="Fechar o browser" library="Base">
<kw name="Close Browser" library="Selenium2Library">
<doc>Closes the current browser.</doc>
<status status="PASS" starttime="20230110 10:01:27.018" endtime="20230110 10:01:29.433"/>
</kw>
<status status="PASS" starttime="20230110 10:01:27.017" endtime="20230110 10:01:29.434"/>
</kw>
<status status="PASS" starttime="20230110 10:01:16.739" endtime="20230110 10:01:29.435"/>
</test>
<test id="s1-t2" name="Cenário 2 - Realizar Login com Username bloqueado">
<kw name="Dado que estou na pagina de Login do Swag Labs" library="LoginSteps">
<kw name="Open Browser" library="Selenium2Library">
<arg>${URL}</arg>
<arg>Edge</arg>
<doc>Opens a new browser instance to the optional ``url``.</doc>
<msg timestamp="20230110 10:01:29.447" level="INFO">Opening browser 'Edge' to base url 'https://www.saucedemo.com/'.</msg>
<status status="PASS" starttime="20230110 10:01:29.445" endtime="20230110 10:01:38.924"/>
</kw>
<status status="PASS" starttime="20230110 10:01:29.441" endtime="20230110 10:01:38.925"/>
</kw>
<kw name="E preencho o campo Username com &quot;locked_out_user&quot;" library="LoginSteps" sourcename="E preencho o campo Username com &quot;${email}&quot;">
<kw name="Input Text" library="Selenium2Library">
<arg>${input_username}</arg>
<arg>${email}</arg>
<doc>Types the given ``text`` into the text field identified by ``locator``.</doc>
<msg timestamp="20230110 10:01:38.934" level="INFO">Typing text 'locked_out_user' into text field 'css:input#user-name'.</msg>
<status status="PASS" starttime="20230110 10:01:38.934" endtime="20230110 10:01:39.107"/>
</kw>
<status status="PASS" starttime="20230110 10:01:38.932" endtime="20230110 10:01:39.108"/>
</kw>
<kw name="E preencho o campo Password com &quot;secret_sauce&quot;" library="LoginSteps" sourcename="E preencho o campo Password com &quot;${senha}&quot;">
<kw name="Sleep" library="BuiltIn">
<arg>2s</arg>
<doc>Pauses the test executed for the given time.</doc>
<msg timestamp="20230110 10:01:41.117" level="INFO">Slept 2 seconds</msg>
<status status="PASS" starttime="20230110 10:01:39.111" endtime="20230110 10:01:41.119"/>
</kw>
<kw name="Input Text" library="Selenium2Library">
<arg>${input_senha}</arg>
<arg>${senha}</arg>
<doc>Types the given ``text`` into the text field identified by ``locator``.</doc>
<msg timestamp="20230110 10:01:41.121" level="INFO">Typing text 'secret_sauce' into text field 'css:input#password'.</msg>
<status status="PASS" starttime="20230110 10:01:41.119" endtime="20230110 10:01:41.346"/>
</kw>
<status status="PASS" starttime="20230110 10:01:39.109" endtime="20230110 10:01:41.346"/>
</kw>
<kw name="Quando clico no botao Login" library="LoginSteps">
<kw name="Click Element" library="Selenium2Library">
<arg>${botao_login}</arg>
<doc>Click the element identified by ``locator``.</doc>
<msg timestamp="20230110 10:01:41.352" level="INFO">Clicking element 'css:input#login-button'.</msg>
<status status="PASS" starttime="20230110 10:01:41.352" endtime="20230110 10:01:41.463"/>
</kw>
<status status="PASS" starttime="20230110 10:01:41.351" endtime="20230110 10:01:41.463"/>
</kw>
<kw name="Verifica a mensagem de erro &quot;Epic sadface: Sorry, this user has been locked out.&quot;" library="LoginSteps" sourcename="Verifica a mensagem de erro &quot;${erro}&quot;">
<kw name="Get Text" library="Selenium2Library">
<var>${mensagem_erro}</var>
<arg>${card_mensagem_erro}</arg>
<doc>Returns the text value of the element identified by ``locator``.</doc>
<msg timestamp="20230110 10:01:41.518" level="INFO">${mensagem_erro} = Epic sadface: Sorry, this user has been locked out.</msg>
<status status="PASS" starttime="20230110 10:01:41.469" endtime="20230110 10:01:41.519"/>
</kw>
<kw name="Should Be Equal" library="BuiltIn">
<arg>${erro}</arg>
<arg>${mensagem_erro}</arg>
<doc>Fails if the given objects are unequal.</doc>
<status status="PASS" starttime="20230110 10:01:41.519" endtime="20230110 10:01:41.520"/>
</kw>
<status status="PASS" starttime="20230110 10:01:41.469" endtime="20230110 10:01:41.520"/>
</kw>
<kw name="Entao consigo entrar no sistema com sucesso!!!" library="LoginSteps">
<kw name="Get Text" library="Selenium2Library">
<var>${titulo_paginaInicial}</var>
<arg>${verifica_titulo}</arg>
<doc>Returns the text value of the element identified by ``locator``.</doc>
<msg timestamp="20230110 10:01:41.704" level="INFO" html="true">&lt;/td&gt;&lt;/tr&gt;&lt;tr&gt;&lt;td colspan="3"&gt;&lt;a href="selenium-screenshot-6.png"&gt;&lt;img src="selenium-screenshot-6.png" width="800px"&gt;&lt;/a&gt;</msg>
<msg timestamp="20230110 10:01:41.916" level="FAIL">Element with locator 'css:div#header_container &gt; div:nth-of-type(2) &gt; span' not found.</msg>
<status status="FAIL" starttime="20230110 10:01:41.522" endtime="20230110 10:01:41.921"/>
</kw>
<kw name="Should Be Equal" library="BuiltIn">
<arg>${titulo}</arg>
<arg>${titulo_paginaInicial}</arg>
<doc>Fails if the given objects are unequal.</doc>
<status status="NOT RUN" starttime="20230110 10:01:41.923" endtime="20230110 10:01:41.924"/>
</kw>
<status status="FAIL" starttime="20230110 10:01:41.521" endtime="20230110 10:01:41.926"/>
</kw>
<kw name="Fechar o browser" library="Base">
<status status="NOT RUN" starttime="20230110 10:01:41.935" endtime="20230110 10:01:41.937"/>
</kw>
<status status="FAIL" starttime="20230110 10:01:29.439" endtime="20230110 10:01:41.939">Element with locator 'css:div#header_container &gt; div:nth-of-type(2) &gt; span' not found.</status>
</test>
<test id="s1-t3" name="Cenário 3 - Realizar Login com Username problematico">
<kw name="Dado que estou na pagina de Login do Swag Labs" library="LoginSteps">
<kw name="Open Browser" library="Selenium2Library">
<arg>${URL}</arg>
<arg>Edge</arg>
<doc>Opens a new browser instance to the optional ``url``.</doc>
<msg timestamp="20230110 10:01:41.958" level="INFO">Opening browser 'Edge' to base url 'https://www.saucedemo.com/'.</msg>
<status status="PASS" starttime="20230110 10:01:41.957" endtime="20230110 10:01:49.668"/>
</kw>
<status status="PASS" starttime="20230110 10:01:41.956" endtime="20230110 10:01:49.669"/>
</kw>
<kw name="E preencho o campo Username com &quot;problem_user&quot;" library="LoginSteps" sourcename="E preencho o campo Username com &quot;${email}&quot;">
<kw name="Input Text" library="Selenium2Library">
<arg>${input_username}</arg>
<arg>${email}</arg>
<doc>Types the given ``text`` into the text field identified by ``locator``.</doc>
<msg timestamp="20230110 10:01:49.671" level="INFO">Typing text 'problem_user' into text field 'css:input#user-name'.</msg>
<status status="PASS" starttime="20230110 10:01:49.671" endtime="20230110 10:01:49.859"/>
</kw>
<status status="PASS" starttime="20230110 10:01:49.670" endtime="20230110 10:01:49.859"/>
</kw>
<kw name="E preencho o campo Password com &quot;secret_sauce&quot;" library="LoginSteps" sourcename="E preencho o campo Password com &quot;${senha}&quot;">
<kw name="Sleep" library="BuiltIn">
<arg>2s</arg>
<doc>Pauses the test executed for the given time.</doc>
<msg timestamp="20230110 10:01:51.877" level="INFO">Slept 2 seconds</msg>
<status status="PASS" starttime="20230110 10:01:49.867" endtime="20230110 10:01:51.878"/>
</kw>
<kw name="Input Text" library="Selenium2Library">
<arg>${input_senha}</arg>
<arg>${senha}</arg>
<doc>Types the given ``text`` into the text field identified by ``locator``.</doc>
<msg timestamp="20230110 10:01:51.883" level="INFO">Typing text 'secret_sauce' into text field 'css:input#password'.</msg>
<status status="PASS" starttime="20230110 10:01:51.879" endtime="20230110 10:01:52.041"/>
</kw>
<status status="PASS" starttime="20230110 10:01:49.866" endtime="20230110 10:01:52.042"/>
</kw>
<kw name="Quando clico no botao Login" library="LoginSteps">
<kw name="Click Element" library="Selenium2Library">
<arg>${botao_login}</arg>
<doc>Click the element identified by ``locator``.</doc>
<msg timestamp="20230110 10:01:52.052" level="INFO">Clicking element 'css:input#login-button'.</msg>
<status status="PASS" starttime="20230110 10:01:52.051" endtime="20230110 10:01:52.434"/>
</kw>
<status status="PASS" starttime="20230110 10:01:52.050" endtime="20230110 10:01:52.434"/>
</kw>
<kw name="Entao consigo entrar no sistema com sucesso!!!" library="LoginSteps">
<kw name="Get Text" library="Selenium2Library">
<var>${titulo_paginaInicial}</var>
<arg>${verifica_titulo}</arg>
<doc>Returns the text value of the element identified by ``locator``.</doc>
<msg timestamp="20230110 10:01:52.499" level="INFO">${titulo_paginaInicial} = PRODUCTS</msg>
<status status="PASS" starttime="20230110 10:01:52.437" endtime="20230110 10:01:52.500"/>
</kw>
<kw name="Should Be Equal" library="BuiltIn">
<arg>${titulo}</arg>
<arg>${titulo_paginaInicial}</arg>
<doc>Fails if the given objects are unequal.</doc>
<status status="PASS" starttime="20230110 10:01:52.500" endtime="20230110 10:01:52.501"/>
</kw>
<status status="PASS" starttime="20230110 10:01:52.436" endtime="20230110 10:01:52.502"/>
</kw>
<kw name="Fechar o browser" library="Base">
<kw name="Close Browser" library="Selenium2Library">
<doc>Closes the current browser.</doc>
<status status="PASS" starttime="20230110 10:01:52.505" endtime="20230110 10:01:55.107"/>
</kw>
<status status="PASS" starttime="20230110 10:01:52.504" endtime="20230110 10:01:55.108"/>
</kw>
<status status="PASS" starttime="20230110 10:01:41.954" endtime="20230110 10:01:55.110"/>
</test>
<test id="s1-t4" name="Cenário 4 - Realizar Login com Username perfomando ruim">
<kw name="Dado que estou na pagina de Login do Swag Labs" library="LoginSteps">
<kw name="Open Browser" library="Selenium2Library">
<arg>${URL}</arg>
<arg>Edge</arg>
<doc>Opens a new browser instance to the optional ``url``.</doc>
<msg timestamp="20230110 10:01:55.124" level="INFO">Opening browser 'Edge' to base url 'https://www.saucedemo.com/'.</msg>
<status status="PASS" starttime="20230110 10:01:55.122" endtime="20230110 10:02:02.599"/>
</kw>
<status status="PASS" starttime="20230110 10:01:55.120" endtime="20230110 10:02:02.599"/>
</kw>
<kw name="E preencho o campo Username com &quot;performance_glitch_user&quot;" library="LoginSteps" sourcename="E preencho o campo Username com &quot;${email}&quot;">
<kw name="Input Text" library="Selenium2Library">
<arg>${input_username}</arg>
<arg>${email}</arg>
<doc>Types the given ``text`` into the text field identified by ``locator``.</doc>
<msg timestamp="20230110 10:02:02.602" level="INFO">Typing text 'performance_glitch_user' into text field 'css:input#user-name'.</msg>
<status status="PASS" starttime="20230110 10:02:02.601" endtime="20230110 10:02:02.801"/>
</kw>
<status status="PASS" starttime="20230110 10:02:02.600" endtime="20230110 10:02:02.802"/>
</kw>
<kw name="E preencho o campo Password com &quot;secret_sauce&quot;" library="LoginSteps" sourcename="E preencho o campo Password com &quot;${senha}&quot;">
<kw name="Sleep" library="BuiltIn">
<arg>2s</arg>
<doc>Pauses the test executed for the given time.</doc>
<msg timestamp="20230110 10:02:04.810" level="INFO">Slept 2 seconds</msg>
<status status="PASS" starttime="20230110 10:02:02.804" endtime="20230110 10:02:04.812"/>
</kw>
<kw name="Input Text" library="Selenium2Library">
<arg>${input_senha}</arg>
<arg>${senha}</arg>
<doc>Types the given ``text`` into the text field identified by ``locator``.</doc>
<msg timestamp="20230110 10:02:04.813" level="INFO">Typing text 'secret_sauce' into text field 'css:input#password'.</msg>
<status status="PASS" starttime="20230110 10:02:04.812" endtime="20230110 10:02:05.029"/>
</kw>
<status status="PASS" starttime="20230110 10:02:02.803" endtime="20230110 10:02:05.031"/>
</kw>
<kw name="Quando clico no botao Login" library="LoginSteps">
<kw name="Click Element" library="Selenium2Library">
<arg>${botao_login}</arg>
<doc>Click the element identified by ``locator``.</doc>
<msg timestamp="20230110 10:02:05.036" level="INFO">Clicking element 'css:input#login-button'.</msg>
<status status="PASS" starttime="20230110 10:02:05.035" endtime="20230110 10:02:10.421"/>
</kw>
<status status="PASS" starttime="20230110 10:02:05.034" endtime="20230110 10:02:10.422"/>
</kw>
<kw name="Entao consigo entrar no sistema com sucesso!!!" library="LoginSteps">
<kw name="Get Text" library="Selenium2Library">
<var>${titulo_paginaInicial}</var>
<arg>${verifica_titulo}</arg>
<doc>Returns the text value of the element identified by ``locator``.</doc>
<msg timestamp="20230110 10:02:10.557" level="INFO">${titulo_paginaInicial} = PRODUCTS</msg>
<status status="PASS" starttime="20230110 10:02:10.431" endtime="20230110 10:02:10.558"/>
</kw>
<kw name="Should Be Equal" library="BuiltIn">
<arg>${titulo}</arg>
<arg>${titulo_paginaInicial}</arg>
<doc>Fails if the given objects are unequal.</doc>
<status status="PASS" starttime="20230110 10:02:10.558" endtime="20230110 10:02:10.559"/>
</kw>
<status status="PASS" starttime="20230110 10:02:10.430" endtime="20230110 10:02:10.559"/>
</kw>
<kw name="Fechar o browser" library="Base">
<kw name="Close Browser" library="Selenium2Library">
<doc>Closes the current browser.</doc>
<status status="PASS" starttime="20230110 10:02:10.567" endtime="20230110 10:02:12.949"/>
</kw>
<status status="PASS" starttime="20230110 10:02:10.566" endtime="20230110 10:02:12.949"/>
</kw>
<status status="PASS" starttime="20230110 10:01:55.118" endtime="20230110 10:02:12.950"/>
</test>
<test id="s1-t5" name="Cenário 1 - Realizar Login com Username válido sem senha">
<kw name="Dado que estou na pagina de Login do Swag Labs" library="LoginSteps">
<kw name="Open Browser" library="Selenium2Library">
<arg>${URL}</arg>
<arg>Edge</arg>
<doc>Opens a new browser instance to the optional ``url``.</doc>
<msg timestamp="20230110 10:02:12.955" level="INFO">Opening browser 'Edge' to base url 'https://www.saucedemo.com/'.</msg>
<status status="PASS" starttime="20230110 10:02:12.955" endtime="20230110 10:02:21.168"/>
</kw>
<status status="PASS" starttime="20230110 10:02:12.954" endtime="20230110 10:02:21.169"/>
</kw>
<kw name="E preencho o campo Username com &quot;standard_user&quot;" library="LoginSteps" sourcename="E preencho o campo Username com &quot;${email}&quot;">
<kw name="Input Text" library="Selenium2Library">
<arg>${input_username}</arg>
<arg>${email}</arg>
<doc>Types the given ``text`` into the text field identified by ``locator``.</doc>
<msg timestamp="20230110 10:02:21.174" level="INFO">Typing text 'standard_user' into text field 'css:input#user-name'.</msg>
<status status="PASS" starttime="20230110 10:02:21.172" endtime="20230110 10:02:21.353"/>
</kw>
<status status="PASS" starttime="20230110 10:02:21.171" endtime="20230110 10:02:21.353"/>
</kw>
<kw name="E preencho o campo Password com &quot;&quot;" library="LoginSteps" sourcename="E preencho o campo Password com &quot;${senha}&quot;">
<kw name="Sleep" library="BuiltIn">
<arg>2s</arg>
<doc>Pauses the test executed for the given time.</doc>
<msg timestamp="20230110 10:02:23.356" level="INFO">Slept 2 seconds</msg>
<status status="PASS" starttime="20230110 10:02:21.355" endtime="20230110 10:02:23.356"/>
</kw>
<kw name="Input Text" library="Selenium2Library">
<arg>${input_senha}</arg>
<arg>${senha}</arg>
<doc>Types the given ``text`` into the text field identified by ``locator``.</doc>
<msg timestamp="20230110 10:02:23.359" level="INFO">Typing text '' into text field 'css:input#password'.</msg>
<status status="PASS" starttime="20230110 10:02:23.357" endtime="20230110 10:02:23.507"/>
</kw>
<status status="PASS" starttime="20230110 10:02:21.354" endtime="20230110 10:02:23.507"/>
</kw>
<kw name="Quando clico no botao Login" library="LoginSteps">
<kw name="Click Element" library="Selenium2Library">
<arg>${botao_login}</arg>
<doc>Click the element identified by ``locator``.</doc>
<msg timestamp="20230110 10:02:23.513" level="INFO">Clicking element 'css:input#login-button'.</msg>
<status status="PASS" starttime="20230110 10:02:23.510" endtime="20230110 10:02:23.641"/>
</kw>
<status status="PASS" starttime="20230110 10:02:23.509" endtime="20230110 10:02:23.642"/>
</kw>
<kw name="Verifica a mensagem de erro &quot;Epic sadface: Password is required&quot;" library="LoginSteps" sourcename="Verifica a mensagem de erro &quot;${erro}&quot;">
<kw name="Get Text" library="Selenium2Library">
<var>${mensagem_erro}</var>
<arg>${card_mensagem_erro}</arg>
<doc>Returns the text value of the element identified by ``locator``.</doc>
<msg timestamp="20230110 10:02:23.751" level="INFO">${mensagem_erro} = Epic sadface: Password is required</msg>
<status status="PASS" starttime="20230110 10:02:23.653" endtime="20230110 10:02:23.752"/>
</kw>
<kw name="Should Be Equal" library="BuiltIn">
<arg>${erro}</arg>
<arg>${mensagem_erro}</arg>
<doc>Fails if the given objects are unequal.</doc>
<status status="PASS" starttime="20230110 10:02:23.752" endtime="20230110 10:02:23.754"/>
</kw>
<status status="PASS" starttime="20230110 10:02:23.652" endtime="20230110 10:02:23.755"/>
</kw>
<kw name="Entao consigo entrar no sistema com sucesso!!!" library="LoginSteps">
<kw name="Get Text" library="Selenium2Library">
<var>${titulo_paginaInicial}</var>
<arg>${verifica_titulo}</arg>
<doc>Returns the text value of the element identified by ``locator``.</doc>
<msg timestamp="20230110 10:02:23.990" level="INFO" html="true">&lt;/td&gt;&lt;/tr&gt;&lt;tr&gt;&lt;td colspan="3"&gt;&lt;a href="selenium-screenshot-7.png"&gt;&lt;img src="selenium-screenshot-7.png" width="800px"&gt;&lt;/a&gt;</msg>
<msg timestamp="20230110 10:02:23.993" level="FAIL">Element with locator 'css:div#header_container &gt; div:nth-of-type(2) &gt; span' not found.</msg>
<status status="FAIL" starttime="20230110 10:02:23.757" endtime="20230110 10:02:23.994"/>
</kw>
<kw name="Should Be Equal" library="BuiltIn">
<arg>${titulo}</arg>
<arg>${titulo_paginaInicial}</arg>
<doc>Fails if the given objects are unequal.</doc>
<status status="NOT RUN" starttime="20230110 10:02:23.995" endtime="20230110 10:02:23.996"/>
</kw>
<status status="FAIL" starttime="20230110 10:02:23.756" endtime="20230110 10:02:23.997"/>
</kw>
<kw name="Fechar o browser" library="Base">
<status status="NOT RUN" starttime="20230110 10:02:23.998" endtime="20230110 10:02:23.999"/>
</kw>
<status status="FAIL" starttime="20230110 10:02:12.953" endtime="20230110 10:02:24.000">Element with locator 'css:div#header_container &gt; div:nth-of-type(2) &gt; span' not found.</status>
</test>
<test id="s1-t6" name="Cenário 2 - Realizar Login com Username válido sem senha">
<kw name="Dado que estou na pagina de Login do Swag Labs" library="LoginSteps">
<kw name="Open Browser" library="Selenium2Library">
<arg>${URL}</arg>
<arg>Edge</arg>
<doc>Opens a new browser instance to the optional ``url``.</doc>
<msg timestamp="20230110 10:02:24.007" level="INFO">Opening browser 'Edge' to base url 'https://www.saucedemo.com/'.</msg>
<status status="PASS" starttime="20230110 10:02:24.006" endtime="20230110 10:02:33.451"/>
</kw>
<status status="PASS" starttime="20230110 10:02:24.005" endtime="20230110 10:02:33.452"/>
</kw>
<kw name="E preencho o campo Username com &quot;locked_out_user&quot;" library="LoginSteps" sourcename="E preencho o campo Username com &quot;${email}&quot;">
<kw name="Input Text" library="Selenium2Library">
<arg>${input_username}</arg>
<arg>${email}</arg>
<doc>Types the given ``text`` into the text field identified by ``locator``.</doc>
<msg timestamp="20230110 10:02:33.456" level="INFO">Typing text 'locked_out_user' into text field 'css:input#user-name'.</msg>
<status status="PASS" starttime="20230110 10:02:33.455" endtime="20230110 10:02:33.723"/>
</kw>
<status status="PASS" starttime="20230110 10:02:33.454" endtime="20230110 10:02:33.724"/>
</kw>
<kw name="E preencho o campo Password com &quot;&quot;" library="LoginSteps" sourcename="E preencho o campo Password com &quot;${senha}&quot;">
<kw name="Sleep" library="BuiltIn">
<arg>2s</arg>
<doc>Pauses the test executed for the given time.</doc>
<msg timestamp="20230110 10:02:35.735" level="INFO">Slept 2 seconds</msg>
<status status="PASS" starttime="20230110 10:02:33.726" endtime="20230110 10:02:35.735"/>
</kw>
<kw name="Input Text" library="Selenium2Library">
<arg>${input_senha}</arg>
<arg>${senha}</arg>
<doc>Types the given ``text`` into the text field identified by ``locator``.</doc>
<msg timestamp="20230110 10:02:35.736" level="INFO">Typing text '' into text field 'css:input#password'.</msg>
<status status="PASS" starttime="20230110 10:02:35.735" endtime="20230110 10:02:35.926"/>
</kw>
<status status="PASS" starttime="20230110 10:02:33.725" endtime="20230110 10:02:35.927"/>
</kw>
<kw name="Quando clico no botao Login" library="LoginSteps">
<kw name="Click Element" library="Selenium2Library">
<arg>${botao_login}</arg>
<doc>Click the element identified by ``locator``.</doc>
<msg timestamp="20230110 10:02:35.937" level="INFO">Clicking element 'css:input#login-button'.</msg>
<status status="PASS" starttime="20230110 10:02:35.936" endtime="20230110 10:02:36.108"/>
</kw>
<status status="PASS" starttime="20230110 10:02:35.935" endtime="20230110 10:02:36.110"/>
</kw>
<kw name="Verifica a mensagem de erro &quot;Epic sadface: Password is required&quot;" library="LoginSteps" sourcename="Verifica a mensagem de erro &quot;${erro}&quot;">
<kw name="Get Text" library="Selenium2Library">
<var>${mensagem_erro}</var>
<arg>${card_mensagem_erro}</arg>
<doc>Returns the text value of the element identified by ``locator``.</doc>
<msg timestamp="20230110 10:02:36.219" level="INFO">${mensagem_erro} = Epic sadface: Password is required</msg>
<status status="PASS" starttime="20230110 10:02:36.119" endtime="20230110 10:02:36.219"/>
</kw>
<kw name="Should Be Equal" library="BuiltIn">
<arg>${erro}</arg>
<arg>${mensagem_erro}</arg>
<doc>Fails if the given objects are unequal.</doc>
<status status="PASS" starttime="20230110 10:02:36.219" endtime="20230110 10:02:36.220"/>
</kw>
<status status="PASS" starttime="20230110 10:02:36.118" endtime="20230110 10:02:36.220"/>
</kw>
<kw name="Entao consigo entrar no sistema com sucesso!!!" library="LoginSteps">
<kw name="Get Text" library="Selenium2Library">
<var>${titulo_paginaInicial}</var>
<arg>${verifica_titulo}</arg>
<doc>Returns the text value of the element identified by ``locator``.</doc>
<msg timestamp="20230110 10:02:36.425" level="INFO" html="true">&lt;/td&gt;&lt;/tr&gt;&lt;tr&gt;&lt;td colspan="3"&gt;&lt;a href="selenium-screenshot-8.png"&gt;&lt;img src="selenium-screenshot-8.png" width="800px"&gt;&lt;/a&gt;</msg>
<msg timestamp="20230110 10:02:36.428" level="FAIL">Element with locator 'css:div#header_container &gt; div:nth-of-type(2) &gt; span' not found.</msg>
<status status="FAIL" starttime="20230110 10:02:36.223" endtime="20230110 10:02:36.428"/>
</kw>
<kw name="Should Be Equal" library="BuiltIn">
<arg>${titulo}</arg>
<arg>${titulo_paginaInicial}</arg>
<doc>Fails if the given objects are unequal.</doc>
<status status="NOT RUN" starttime="20230110 10:02:36.432" endtime="20230110 10:02:36.433"/>
</kw>
<status status="FAIL" starttime="20230110 10:02:36.222" endtime="20230110 10:02:36.434"/>
</kw>
<kw name="Fechar o browser" library="Base">
<status status="NOT RUN" starttime="20230110 10:02:36.438" endtime="20230110 10:02:36.439"/>
</kw>
<status status="FAIL" starttime="20230110 10:02:24.003" endtime="20230110 10:02:36.442">Element with locator 'css:div#header_container &gt; div:nth-of-type(2) &gt; span' not found.</status>
</test>
<test id="s1-t7" name="Cenário 3 - Realizar Login com Username Com Problemas sem senha">
<kw name="Dado que estou na pagina de Login do Swag Labs" library="LoginSteps">
<kw name="Open Browser" library="Selenium2Library">
<arg>${URL}</arg>
<arg>Edge</arg>
<doc>Opens a new browser instance to the optional ``url``.</doc>
<msg timestamp="20230110 10:02:36.460" level="INFO">Opening browser 'Edge' to base url 'https://www.saucedemo.com/'.</msg>
<status status="PASS" starttime="20230110 10:02:36.458" endtime="20230110 10:02:44.291"/>
</kw>
<status status="PASS" starttime="20230110 10:02:36.457" endtime="20230110 10:02:44.291"/>
</kw>
<kw name="E preencho o campo Username com &quot;problem_user&quot;" library="LoginSteps" sourcename="E preencho o campo Username com &quot;${email}&quot;">
<kw name="Input Text" library="Selenium2Library">
<arg>${input_username}</arg>
<arg>${email}</arg>
<doc>Types the given ``text`` into the text field identified by ``locator``.</doc>
<msg timestamp="20230110 10:02:44.294" level="INFO">Typing text 'problem_user' into text field 'css:input#user-name'.</msg>
<status status="PASS" starttime="20230110 10:02:44.293" endtime="20230110 10:02:44.491"/>
</kw>
<status status="PASS" starttime="20230110 10:02:44.292" endtime="20230110 10:02:44.491"/>
</kw>
<kw name="E preencho o campo Password com &quot;&quot;" library="LoginSteps" sourcename="E preencho o campo Password com &quot;${senha}&quot;">
<kw name="Sleep" library="BuiltIn">
<arg>2s</arg>
<doc>Pauses the test executed for the given time.</doc>
<msg timestamp="20230110 10:02:46.499" level="INFO">Slept 2 seconds</msg>
<status status="PASS" starttime="20230110 10:02:44.495" endtime="20230110 10:02:46.499"/>
</kw>
<kw name="Input Text" library="Selenium2Library">
<arg>${input_senha}</arg>
<arg>${senha}</arg>
<doc>Types the given ``text`` into the text field identified by ``locator``.</doc>
<msg timestamp="20230110 10:02:46.500" level="INFO">Typing text '' into text field 'css:input#password'.</msg>
<status status="PASS" starttime="20230110 10:02:46.500" endtime="20230110 10:02:46.620"/>
</kw>
<status status="PASS" starttime="20230110 10:02:44.493" endtime="20230110 10:02:46.620"/>
</kw>
<kw name="Quando clico no botao Login" library="LoginSteps">
<kw name="Click Element" library="Selenium2Library">
<arg>${botao_login}</arg>
<doc>Click the element identified by ``locator``.</doc>
<msg timestamp="20230110 10:02:46.625" level="INFO">Clicking element 'css:input#login-button'.</msg>
<status status="PASS" starttime="20230110 10:02:46.624" endtime="20230110 10:02:46.740"/>
</kw>
<status status="PASS" starttime="20230110 10:02:46.621" endtime="20230110 10:02:46.741"/>
</kw>
<kw name="Verifica a mensagem de erro &quot;Epic sadface: Password is required&quot;" library="LoginSteps" sourcename="Verifica a mensagem de erro &quot;${erro}&quot;">
<kw name="Get Text" library="Selenium2Library">
<var>${mensagem_erro}</var>
<arg>${card_mensagem_erro}</arg>
<doc>Returns the text value of the element identified by ``locator``.</doc>
<msg timestamp="20230110 10:02:46.796" level="INFO">${mensagem_erro} = Epic sadface: Password is required</msg>
<status status="PASS" starttime="20230110 10:02:46.743" endtime="20230110 10:02:46.798"/>
</kw>
<kw name="Should Be Equal" library="BuiltIn">
<arg>${erro}</arg>
<arg>${mensagem_erro}</arg>
<doc>Fails if the given objects are unequal.</doc>
<status status="PASS" starttime="20230110 10:02:46.799" endtime="20230110 10:02:46.800"/>
</kw>
<status status="PASS" starttime="20230110 10:02:46.742" endtime="20230110 10:02:46.800"/>
</kw>
<kw name="Entao consigo entrar no sistema com sucesso!!!" library="LoginSteps">
<kw name="Get Text" library="Selenium2Library">
<var>${titulo_paginaInicial}</var>
<arg>${verifica_titulo}</arg>
<doc>Returns the text value of the element identified by ``locator``.</doc>
<msg timestamp="20230110 10:02:46.915" level="INFO" html="true">&lt;/td&gt;&lt;/tr&gt;&lt;tr&gt;&lt;td colspan="3"&gt;&lt;a href="selenium-screenshot-9.png"&gt;&lt;img src="selenium-screenshot-9.png" width="800px"&gt;&lt;/a&gt;</msg>
<msg timestamp="20230110 10:02:46.917" level="FAIL">Element with locator 'css:div#header_container &gt; div:nth-of-type(2) &gt; span' not found.</msg>
<status status="FAIL" starttime="20230110 10:02:46.802" endtime="20230110 10:02:46.918"/>
</kw>
<kw name="Should Be Equal" library="BuiltIn">
<arg>${titulo}</arg>
<arg>${titulo_paginaInicial}</arg>
<doc>Fails if the given objects are unequal.</doc>
<status status="NOT RUN" starttime="20230110 10:02:46.918" endtime="20230110 10:02:46.919"/>
</kw>
<status status="FAIL" starttime="20230110 10:02:46.801" endtime="20230110 10:02:46.919"/>
</kw>
<kw name="Fechar o browser" library="Base">
<status status="NOT RUN" starttime="20230110 10:02:46.920" endtime="20230110 10:02:46.921"/>
</kw>
<status status="FAIL" starttime="20230110 10:02:36.455" endtime="20230110 10:02:46.922">Element with locator 'css:div#header_container &gt; div:nth-of-type(2) &gt; span' not found.</status>
</test>
<test id="s1-t8" name="Cenário 4 - Realizar Login com Username válido sem senha">
<kw name="Dado que estou na pagina de Login do Swag Labs" library="LoginSteps">
<kw name="Open Browser" library="Selenium2Library">
<arg>${URL}</arg>
<arg>Edge</arg>
<doc>Opens a new browser instance to the optional ``url``.</doc>
<msg timestamp="20230110 10:02:46.929" level="INFO">Opening browser 'Edge' to base url 'https://www.saucedemo.com/'.</msg>
<status status="PASS" starttime="20230110 10:02:46.927" endtime="20230110 10:02:57.438"/>
</kw>
<status status="PASS" starttime="20230110 10:02:46.926" endtime="20230110 10:02:57.439"/>
</kw>
<kw name="E preencho o campo Username com &quot;performance_glitch_user&quot;" library="LoginSteps" sourcename="E preencho o campo Username com &quot;${email}&quot;">
<kw name="Input Text" library="Selenium2Library">
<arg>${input_username}</arg>
<arg>${email}</arg>
<doc>Types the given ``text`` into the text field identified by ``locator``.</doc>
<msg timestamp="20230110 10:02:57.444" level="INFO">Typing text 'performance_glitch_user' into text field 'css:input#user-name'.</msg>
<status status="PASS" starttime="20230110 10:02:57.443" endtime="20230110 10:02:57.686"/>
</kw>
<status status="PASS" starttime="20230110 10:02:57.441" endtime="20230110 10:02:57.686"/>
</kw>
<kw name="E preencho o campo Password com &quot;&quot;" library="LoginSteps" sourcename="E preencho o campo Password com &quot;${senha}&quot;">
<kw name="Sleep" library="BuiltIn">
<arg>2s</arg>
<doc>Pauses the test executed for the given time.</doc>
<msg timestamp="20230110 10:02:59.705" level="INFO">Slept 2 seconds</msg>
<status status="PASS" starttime="20230110 10:02:57.688" endtime="20230110 10:02:59.705"/>
</kw>
<kw name="Input Text" library="Selenium2Library">
<arg>${input_senha}</arg>
<arg>${senha}</arg>
<doc>Types the given ``text`` into the text field identified by ``locator``.</doc>
<msg timestamp="20230110 10:02:59.706" level="INFO">Typing text '' into text field 'css:input#password'.</msg>
<status status="PASS" starttime="20230110 10:02:59.706" endtime="20230110 10:02:59.826"/>
</kw>
<status status="PASS" starttime="20230110 10:02:57.687" endtime="20230110 10:02:59.827"/>
</kw>
<kw name="Quando clico no botao Login" library="LoginSteps">
<kw name="Click Element" library="Selenium2Library">
<arg>${botao_login}</arg>
<doc>Click the element identified by ``locator``.</doc>
<msg timestamp="20230110 10:02:59.834" level="INFO">Clicking element 'css:input#login-button'.</msg>
<status status="PASS" starttime="20230110 10:02:59.832" endtime="20230110 10:02:59.923"/>
</kw>
<status status="PASS" starttime="20230110 10:02:59.828" endtime="20230110 10:02:59.923"/>
</kw>
<kw name="Verifica a mensagem de erro &quot;Epic sadface: Password is required&quot;" library="LoginSteps" sourcename="Verifica a mensagem de erro &quot;${erro}&quot;">
<kw name="Get Text" library="Selenium2Library">
<var>${mensagem_erro}</var>
<arg>${card_mensagem_erro}</arg>
<doc>Returns the text value of the element identified by ``locator``.</doc>
<msg timestamp="20230110 10:02:59.971" level="INFO">${mensagem_erro} = Epic sadface: Password is required</msg>
<status status="PASS" starttime="20230110 10:02:59.926" endtime="20230110 10:02:59.971"/>
</kw>
<kw name="Should Be Equal" library="BuiltIn">
<arg>${erro}</arg>
<arg>${mensagem_erro}</arg>
<doc>Fails if the given objects are unequal.</doc>
<status status="PASS" starttime="20230110 10:02:59.971" endtime="20230110 10:02:59.972"/>
</kw>
<status status="PASS" starttime="20230110 10:02:59.924" endtime="20230110 10:02:59.973"/>
</kw>
<kw name="Entao consigo entrar no sistema com sucesso!!!" library="LoginSteps">
<kw name="Get Text" library="Selenium2Library">
<var>${titulo_paginaInicial}</var>
<arg>${verifica_titulo}</arg>
<doc>Returns the text value of the element identified by ``locator``.</doc>
<msg timestamp="20230110 10:03:00.122" level="INFO" html="true">&lt;/td&gt;&lt;/tr&gt;&lt;tr&gt;&lt;td colspan="3"&gt;&lt;a href="selenium-screenshot-10.png"&gt;&lt;img src="selenium-screenshot-10.png" width="800px"&gt;&lt;/a&gt;</msg>
<msg timestamp="20230110 10:03:00.123" level="FAIL">Element with locator 'css:div#header_container &gt; div:nth-of-type(2) &gt; span' not found.</msg>
<status status="FAIL" starttime="20230110 10:02:59.976" endtime="20230110 10:03:00.124"/>
</kw>
<kw name="Should Be Equal" library="BuiltIn">
<arg>${titulo}</arg>
<arg>${titulo_paginaInicial}</arg>
<doc>Fails if the given objects are unequal.</doc>
<status status="NOT RUN" starttime="20230110 10:03:00.124" endtime="20230110 10:03:00.125"/>
</kw>
<status status="FAIL" starttime="20230110 10:02:59.975" endtime="20230110 10:03:00.125"/>
</kw>
<kw name="Fechar o browser" library="Base">
<status status="NOT RUN" starttime="20230110 10:03:00.126" endtime="20230110 10:03:00.127"/>
</kw>
<status status="FAIL" starttime="20230110 10:02:46.924" endtime="20230110 10:03:00.128">Element with locator 'css:div#header_container &gt; div:nth-of-type(2) &gt; span' not found.</status>
</test>
<test id="s1-t9" name="Cenario de Login rapido">
<kw name="Logar rapido" library="LoginSteps">
<arg>standard_user</arg>
<arg>secret_sauce</arg>
<kw name="Open Browser" library="Selenium2Library">
<arg>${URL}</arg>
<arg>Edge</arg>
<doc>Opens a new browser instance to the optional ``url``.</doc>
<msg timestamp="20230110 10:03:00.137" level="INFO">Opening browser 'Edge' to base url 'https://www.saucedemo.com/'.</msg>
<status status="PASS" starttime="20230110 10:03:00.136" endtime="20230110 10:03:12.415"/>
</kw>
<kw name="Input Text" library="Selenium2Library">
<arg>${input_username}</arg>
<arg>${username}</arg>
<doc>Types the given ``text`` into the text field identified by ``locator``.</doc>
<msg timestamp="20230110 10:03:12.419" level="INFO">Typing text 'standard_user' into text field 'css:input#user-name'.</msg>
<status status="PASS" starttime="20230110 10:03:12.417" endtime="20230110 10:03:12.604"/>
</kw>
<kw name="Input Text" library="Selenium2Library">
<arg>${input_senha}</arg>
<arg>${password}</arg>
<doc>Types the given ``text`` into the text field identified by ``locator``.</doc>
<msg timestamp="20230110 10:03:12.605" level="INFO">Typing text 'secret_sauce' into text field 'css:input#password'.</msg>
<status status="PASS" starttime="20230110 10:03:12.605" endtime="20230110 10:03:12.759"/>
</kw>
<kw name="Click Element" library="Selenium2Library">
<arg>${botao_login}</arg>
<doc>Click the element identified by ``locator``.</doc>
<msg timestamp="20230110 10:03:12.761" level="INFO">Clicking element 'css:input#login-button'.</msg>
<status status="PASS" starttime="20230110 10:03:12.760" endtime="20230110 10:03:12.920"/>
</kw>
<kw name="Get Text" library="Selenium2Library">
<var>${titulo_paginaInicial}</var>
<arg>${verifica_titulo}</arg>
<doc>Returns the text value of the element identified by ``locator``.</doc>
<msg timestamp="20230110 10:03:12.960" level="INFO">${titulo_paginaInicial} = PRODUCTS</msg>
<status status="PASS" starttime="20230110 10:03:12.920" endtime="20230110 10:03:12.960"/>
</kw>
<kw name="Should Be Equal" library="BuiltIn">
<arg>PRODUCTS</arg>
<arg>${titulo_paginaInicial}</arg>
<doc>Fails if the given objects are unequal.</doc>
<status status="PASS" starttime="20230110 10:03:12.962" endtime="20230110 10:03:12.967"/>
</kw>
<status status="PASS" starttime="20230110 10:03:00.134" endtime="20230110 10:03:12.968"/>
</kw>
<status status="PASS" starttime="20230110 10:03:00.132" endtime="20230110 10:03:12.970"/>
</test>
<kw name="Close All Browsers" library="Selenium2Library" type="TEARDOWN">
<doc>Closes all open browsers and resets the browser cache.</doc>
<status status="PASS" starttime="20230110 10:03:12.974" endtime="20230110 10:03:56.257"/>
</kw>
<doc>Testando a pagina login</doc>
<status status="FAIL" starttime="20230110 10:01:16.190" endtime="20230110 10:03:56.258"/>
</suite>
<statistics>
<total>
<stat pass="4" fail="5" skip="0">All Tests</stat>
</total>
<tag>
</tag>
<suite>
<stat pass="4" fail="5" skip="0" id="s1" name="Login">Login</stat>
</suite>
</statistics>
<errors>
</errors>
</robot>
