<?xml version="1.0" encoding="UTF-8"?>
<robot generator="Robot 6.0.1 (Python 3.9.10 on win32)" generated="20221210 17:52:10.324" rpa="false" schemaversion="3">
<suite id="s1" name="Carrinho" source="c:\Users\Vuribi\Pictures\Swag Labs\resources\data\Carrinho\Carrinho.robot">
<test id="s1-t1" name="Cenário 1 - Escolher um produto válido e realizar a compra com o Carrinho" line="11">
<kw name="Logar rapido" library="Base">
<arg>standard_user</arg>
<arg>secret_sauce</arg>
<kw name="Open Browser" library="Selenium2Library">
<arg>${URL}</arg>
<arg>Edge</arg>
<doc>Opens a new browser instance to the optional ``url``.</doc>
<msg timestamp="20221210 17:52:10.620" level="INFO">Opening browser 'Edge' to base url 'https://www.saucedemo.com/'.</msg>
<status status="PASS" starttime="20221210 17:52:10.618" endtime="20221210 17:52:14.094"/>
</kw>
<kw name="Input Text" library="Selenium2Library">
<arg>${input_username}</arg>
<arg>${username}</arg>
<doc>Types the given ``text`` into the text field identified by ``locator``.</doc>
<msg timestamp="20221210 17:52:14.095" level="INFO">Typing text 'standard_user' into text field '//*[@id="user-name"]'.</msg>
<status status="PASS" starttime="20221210 17:52:14.094" endtime="20221210 17:52:14.233"/>
</kw>
<kw name="Input Text" library="Selenium2Library">
<arg>${input_senha}</arg>
<arg>${password}</arg>
<doc>Types the given ``text`` into the text field identified by ``locator``.</doc>
<msg timestamp="20221210 17:52:14.234" level="INFO">Typing text 'secret_sauce' into text field '//*[@id="password"]'.</msg>
<status status="PASS" starttime="20221210 17:52:14.233" endtime="20221210 17:52:14.465"/>
</kw>
<kw name="Click Element" library="Selenium2Library">
<arg>${botao_login}</arg>
<doc>Click the element identified by ``locator``.</doc>
<msg timestamp="20221210 17:52:14.466" level="INFO">Clicking element '//*[@id="login-button"]'.</msg>
<status status="PASS" starttime="20221210 17:52:14.465" endtime="20221210 17:52:14.837"/>
</kw>
<kw name="Get Text" library="Selenium2Library">
<var>${titulo_paginaInicial}</var>
<arg>${verifica_titulo}</arg>
<doc>Returns the text value of the element identified by ``locator``.</doc>
<msg timestamp="20221210 17:52:15.277" level="INFO">${titulo_paginaInicial} = PRODUCTS</msg>
<status status="PASS" starttime="20221210 17:52:14.837" endtime="20221210 17:52:15.277"/>
</kw>
<kw name="Should Be Equal" library="BuiltIn">
<arg>PRODUCTS</arg>
<arg>${titulo_paginaInicial}</arg>
<doc>Fails if the given objects are unequal.</doc>
<status status="PASS" starttime="20221210 17:52:15.277" endtime="20221210 17:52:15.279"/>
</kw>
<status status="PASS" starttime="20221210 17:52:10.617" endtime="20221210 17:52:15.279"/>
</kw>
<kw name="Dado que estou na pagina de listagem de Produtos - carrinho" library="Carrinho_route">
<kw name="Get Text" library="Selenium2Library">
<var>${titulo_paginaInicial}</var>
<arg>${verifica_titulo}</arg>
<doc>Returns the text value of the element identified by ``locator``.</doc>
<msg timestamp="20221210 17:52:15.317" level="INFO">${titulo_paginaInicial} = PRODUCTS</msg>
<status status="PASS" starttime="20221210 17:52:15.282" endtime="20221210 17:52:15.318"/>
</kw>
<kw name="Should Be Equal" library="BuiltIn">
<arg>${titulo}</arg>
<arg>${titulo_paginaInicial}</arg>
<doc>Fails if the given objects are unequal.</doc>
<status status="PASS" starttime="20221210 17:52:15.318" endtime="20221210 17:52:15.319"/>
</kw>
<status status="PASS" starttime="20221210 17:52:15.281" endtime="20221210 17:52:15.320"/>
</kw>
<kw name="E escolho um produto" library="Carrinho_route">
<kw name="Click Element" library="Selenium2Library">
<arg>${produto_escolhido}</arg>
<doc>Click the element identified by ``locator``.</doc>
<msg timestamp="20221210 17:52:15.325" level="INFO">Clicking element '//*[@id="item_4_title_link"]/div[1]'.</msg>
<status status="PASS" starttime="20221210 17:52:15.324" endtime="20221210 17:52:15.478"/>
</kw>
<kw name="Get Text" library="Selenium2Library">
<var>${titulo_String}</var>
<arg>${produto_escolhido_titulo}</arg>
<doc>Returns the text value of the element identified by ``locator``.</doc>
<msg timestamp="20221210 17:52:15.501" level="INFO">${titulo_String} = Sauce Labs Backpack</msg>
<status status="PASS" starttime="20221210 17:52:15.478" endtime="20221210 17:52:15.501"/>
</kw>
<kw name="Should Be Equal" library="BuiltIn">
<arg>${produto_titulo}</arg>
<arg>${titulo_String}</arg>
<doc>Fails if the given objects are unequal.</doc>
<status status="PASS" starttime="20221210 17:52:15.502" endtime="20221210 17:52:15.503"/>
</kw>
<kw name="Get Text" library="Selenium2Library">
<var>${preco_String}</var>
<arg>${produto_escolhido_preco}</arg>
<doc>Returns the text value of the element identified by ``locator``.</doc>
<msg timestamp="20221210 17:52:15.530" level="INFO">${preco_String} = $29.99</msg>
<status status="PASS" starttime="20221210 17:52:15.504" endtime="20221210 17:52:15.530"/>
</kw>
<kw name="Should Be Equal" library="BuiltIn">
<arg>${produto_preco}</arg>
<arg>${preco_String}</arg>
<doc>Fails if the given objects are unequal.</doc>
<status status="PASS" starttime="20221210 17:52:15.531" endtime="20221210 17:52:15.531"/>
</kw>
<status status="PASS" starttime="20221210 17:52:15.323" endtime="20221210 17:52:15.531"/>
</kw>
<kw name="E adiciono ao Carrinho" library="Carrinho_route">
<kw name="Click Element" library="Selenium2Library">
<arg>${add_cart}</arg>
<doc>Click the element identified by ``locator``.</doc>
<msg timestamp="20221210 17:52:15.534" level="INFO">Clicking element '//*[@id="add-to-cart-sauce-labs-backpack"]'.</msg>
<status status="PASS" starttime="20221210 17:52:15.534" endtime="20221210 17:52:15.589"/>
</kw>
<status status="PASS" starttime="20221210 17:52:15.533" endtime="20221210 17:52:15.589"/>
</kw>
<kw name="E clico para visualizar o Carrinho com o produto Escolhido" library="Carrinho_route">
<kw name="Click Element" library="Selenium2Library">
<arg>${show_cart}</arg>
<doc>Click the element identified by ``locator``.</doc>
<msg timestamp="20221210 17:52:15.606" level="INFO">Clicking element '//*[@id="shopping_cart_container"]/a[1]'.</msg>
<status status="PASS" starttime="20221210 17:52:15.601" endtime="20221210 17:52:15.706"/>
</kw>
<kw name="Get Text" library="Selenium2Library">
<var>${titulo_String}</var>
<arg>${cart_produto_titulo}</arg>
<doc>Returns the text value of the element identified by ``locator``.</doc>
<msg timestamp="20221210 17:52:15.729" level="INFO">${titulo_String} = Sauce Labs Backpack</msg>
<status status="PASS" starttime="20221210 17:52:15.706" endtime="20221210 17:52:15.729"/>
</kw>
<kw name="Should Be Equal" library="BuiltIn">
<arg>${produto_titulo}</arg>
<arg>${titulo_String}</arg>
<doc>Fails if the given objects are unequal.</doc>
<status status="PASS" starttime="20221210 17:52:15.729" endtime="20221210 17:52:15.730"/>
</kw>
<kw name="Get Text" library="Selenium2Library">
<var>${preco_String}</var>
<arg>${cart_produto_preco}</arg>
<doc>Returns the text value of the element identified by ``locator``.</doc>
<msg timestamp="20221210 17:52:15.792" level="INFO">${preco_String} = $29.99</msg>
<status status="PASS" starttime="20221210 17:52:15.731" endtime="20221210 17:52:15.793"/>
</kw>
<kw name="Should Be Equal" library="BuiltIn">
<arg>${produto_preco}</arg>
<arg>${preco_String}</arg>
<doc>Fails if the given objects are unequal.</doc>
<status status="PASS" starttime="20221210 17:52:15.793" endtime="20221210 17:52:15.794"/>
</kw>
<status status="PASS" starttime="20221210 17:52:15.600" endtime="20221210 17:52:15.794"/>
</kw>
<kw name="E clico no botão Checkout" library="Carrinho_route">
<kw name="Click Element" library="Selenium2Library">
<arg>${botao_checkout}</arg>
<doc>Click the element identified by ``locator``.</doc>
<msg timestamp="20221210 17:52:15.797" level="INFO">Clicking element '//*[@id="checkout"]'.</msg>
<status status="PASS" starttime="20221210 17:52:15.796" endtime="20221210 17:52:15.859"/>
</kw>
<status status="PASS" starttime="20221210 17:52:15.796" endtime="20221210 17:52:15.859"/>
</kw>
<kw name="E preencho o campo First Name com o dado &quot;Usuario&quot;" library="Carrinho_route" sourcename="E preencho o campo First Name com o dado &quot;${first_name}&quot;">
<kw name="Input Text" library="Selenium2Library">
<arg>${first_name_input}</arg>
<arg>${first_name}</arg>
<doc>Types the given ``text`` into the text field identified by ``locator``.</doc>
<msg timestamp="20221210 17:52:15.894" level="INFO">Typing text 'Usuario' into text field '//*[@id="first-name"]'.</msg>
<status status="PASS" starttime="20221210 17:52:15.892" endtime="20221210 17:52:16.259"/>
</kw>
<status status="PASS" starttime="20221210 17:52:15.892" endtime="20221210 17:52:16.259"/>
</kw>
<kw name="E preencho o campo Last Name com o dado &quot;Test&quot;" library="Carrinho_route" sourcename="E preencho o campo Last Name com o dado &quot;${last_name}&quot;">
<kw name="Input Text" library="Selenium2Library">
<arg>${last_name_input}</arg>
<arg>${last_name}</arg>
<doc>Types the given ``text`` into the text field identified by ``locator``.</doc>
<msg timestamp="20221210 17:52:16.267" level="INFO">Typing text 'Test' into text field '//*[@id="last-name"]'.</msg>
<status status="PASS" starttime="20221210 17:52:16.266" endtime="20221210 17:52:16.515"/>
</kw>
<status status="PASS" starttime="20221210 17:52:16.265" endtime="20221210 17:52:16.515"/>
</kw>
<kw name="E preencho o campo Zip/Postal Code com o dado &quot;Rua teste&quot;" library="Carrinho_route" sourcename="E preencho o campo Zip/Postal Code com o dado &quot;${address_delivery}&quot;">
<kw name="Input Text" library="Selenium2Library">
<arg>${address_delivery_input}</arg>
<arg>${address_delivery}</arg>
<doc>Types the given ``text`` into the text field identified by ``locator``.</doc>
<msg timestamp="20221210 17:52:16.522" level="INFO">Typing text 'Rua teste' into text field '//*[@id="postal-code"]'.</msg>
<status status="PASS" starttime="20221210 17:52:16.520" endtime="20221210 17:52:16.664"/>
</kw>
<status status="PASS" starttime="20221210 17:52:16.518" endtime="20221210 17:52:16.664"/>
</kw>
<kw name="E clico em Continuar para visualizar os detalhes da compra" library="Carrinho_route">
<kw name="Click Element" library="Selenium2Library">
<arg>${botao_continue}</arg>
<doc>Click the element identified by ``locator``.</doc>
<msg timestamp="20221210 17:52:16.667" level="INFO">Clicking element '//*[@id="continue"]'.</msg>
<status status="PASS" starttime="20221210 17:52:16.666" endtime="20221210 17:52:16.760"/>
</kw>
<kw name="Get Text" library="Selenium2Library">
<var>${titulo_String_carrinho}</var>
<arg>${produto_escolhido_carrinho_titulo}</arg>
<doc>Returns the text value of the element identified by ``locator``.</doc>
<msg timestamp="20221210 17:52:16.783" level="INFO">${titulo_String_carrinho} = Sauce Labs Backpack</msg>
<status status="PASS" starttime="20221210 17:52:16.761" endtime="20221210 17:52:16.784"/>
</kw>
<kw name="Should Be Equal" library="BuiltIn">
<arg>${produto_titulo}</arg>
<arg>${titulo_String_carrinho}</arg>
<doc>Fails if the given objects are unequal.</doc>
<status status="PASS" starttime="20221210 17:52:16.784" endtime="20221210 17:52:16.785"/>
</kw>
<kw name="Get Text" library="Selenium2Library">
<var>${preco_String_carrinho}</var>
<arg>${produto_escolhido_carrinho_preco}</arg>
<doc>Returns the text value of the element identified by ``locator``.</doc>
<msg timestamp="20221210 17:52:16.812" level="INFO">${preco_String_carrinho} = $29.99</msg>
<status status="PASS" starttime="20221210 17:52:16.785" endtime="20221210 17:52:16.812"/>
</kw>
<kw name="Should Be Equal" library="BuiltIn">
<arg>${produto_preco}</arg>
<arg>${preco_String_carrinho}</arg>
<doc>Fails if the given objects are unequal.</doc>
<status status="PASS" starttime="20221210 17:52:16.813" endtime="20221210 17:52:16.813"/>
</kw>
<status status="PASS" starttime="20221210 17:52:16.666" endtime="20221210 17:52:16.813"/>
</kw>
<kw name="E visualizo a quantidade de produtos do Carrinho" library="Carrinho_route">
<kw name="Get Text" library="Selenium2Library">
<var>${qtde_String_carrinho}</var>
<arg>${qtde_produto_carrinho}</arg>
<doc>Returns the text value of the element identified by ``locator``.</doc>
<msg timestamp="20221210 17:52:16.842" level="INFO">${qtde_String_carrinho} = 1</msg>
<status status="PASS" starttime="20221210 17:52:16.815" endtime="20221210 17:52:16.842"/>
</kw>
<kw name="Should Be Equal" library="BuiltIn">
<arg>${qtde}</arg>
<arg>${qtde_String_carrinho}</arg>
<doc>Fails if the given objects are unequal.</doc>
<status status="PASS" starttime="20221210 17:52:16.842" endtime="20221210 17:52:16.843"/>
</kw>
<status status="PASS" starttime="20221210 17:52:16.815" endtime="20221210 17:52:16.843"/>
</kw>
<kw name="E visualizo a forma de pagamento do Carrinho" library="Carrinho_route">
<kw name="Get Text" library="Selenium2Library">
<var>${pagamento_String_carrinho}</var>
<arg>${info_pagamento}</arg>
<doc>Returns the text value of the element identified by ``locator``.</doc>
<msg timestamp="20221210 17:52:16.873" level="INFO">${pagamento_String_carrinho} = SauceCard #31337</msg>
<status status="PASS" starttime="20221210 17:52:16.845" endtime="20221210 17:52:16.873"/>
</kw>
<kw name="Should Be Equal" library="BuiltIn">
<arg>${pagamento}</arg>
<arg>${pagamento_String_carrinho}</arg>
<doc>Fails if the given objects are unequal.</doc>
<status status="PASS" starttime="20221210 17:52:16.874" endtime="20221210 17:52:16.874"/>
</kw>
<status status="PASS" starttime="20221210 17:52:16.845" endtime="20221210 17:52:16.874"/>
</kw>
<kw name="E visualizo a forma de entrega dos Produtos do Carrinho" library="Carrinho_route">
<kw name="Get Text" library="Selenium2Library">
<var>${entrega_String_carrinho}</var>
<arg>${info_entrega}</arg>
<doc>Returns the text value of the element identified by ``locator``.</doc>
<msg timestamp="20221210 17:52:16.901" level="INFO">${entrega_String_carrinho} = FREE PONY EXPRESS DELIVERY!</msg>
<status status="PASS" starttime="20221210 17:52:16.877" endtime="20221210 17:52:16.901"/>
</kw>
<kw name="Should Be Equal" library="BuiltIn">
<arg>${entrega}</arg>
<arg>${entrega_String_carrinho}</arg>
<doc>Fails if the given objects are unequal.</doc>
<status status="PASS" starttime="20221210 17:52:16.902" endtime="20221210 17:52:16.904"/>
</kw>
<status status="PASS" starttime="20221210 17:52:16.876" endtime="20221210 17:52:16.904"/>
</kw>
<kw name="E visualizo o total preco dos Produtos do Carrinho" library="Carrinho_route">
<kw name="Get Text" library="Selenium2Library">
<var>${total_String_carrinho}</var>
<arg>${total_carrinho}</arg>
<doc>Returns the text value of the element identified by ``locator``.</doc>
<msg timestamp="20221210 17:52:16.927" level="INFO">${total_String_carrinho} = $29.99</msg>
<status status="PASS" starttime="20221210 17:52:16.909" endtime="20221210 17:52:16.927"/>
</kw>
<kw name="Should Be Equal" library="BuiltIn">
<arg>${total}</arg>
<arg>${total_String_carrinho}</arg>
<doc>Fails if the given objects are unequal.</doc>
<status status="PASS" starttime="20221210 17:52:16.928" endtime="20221210 17:52:16.931"/>
</kw>
<status status="PASS" starttime="20221210 17:52:16.909" endtime="20221210 17:52:16.931"/>
</kw>
<kw name="E visualizo a taxa de entrega dos Produtos do Carrinho" library="Carrinho_route">
<kw name="Get Text" library="Selenium2Library">
<var>${taxa_String_carrinho}</var>
<arg>${taxa_carrinho}</arg>
<doc>Returns the text value of the element identified by ``locator``.</doc>
<msg timestamp="20221210 17:52:17.081" level="INFO" html="true">&lt;/td&gt;&lt;/tr&gt;&lt;tr&gt;&lt;td colspan="3"&gt;&lt;a href="selenium-screenshot-12.png"&gt;&lt;img src="selenium-screenshot-12.png" width="800px"&gt;&lt;/a&gt;</msg>
<msg timestamp="20221210 17:52:17.082" level="FAIL">Element with locator '//*[@id="summary_tax_label"]' not found.</msg>
<status status="FAIL" starttime="20221210 17:52:16.943" endtime="20221210 17:52:17.087"/>
</kw>
<kw name="Should Be Equal" library="BuiltIn">
<arg>${taxa}</arg>
<arg>${taxa_String_carrinho}</arg>
<doc>Fails if the given objects are unequal.</doc>
<status status="NOT RUN" starttime="20221210 17:52:17.087" endtime="20221210 17:52:17.088"/>
</kw>
<status status="FAIL" starttime="20221210 17:52:16.941" endtime="20221210 17:52:17.089"/>
</kw>
<kw name="E visualizo o total preco finalizado dos Produtos do Carrinho" library="Carrinho_route">
<status status="NOT RUN" starttime="20221210 17:52:17.093" endtime="20221210 17:52:17.094"/>
</kw>
<kw name="Quando clico no botão Finish" library="Carrinho_route">
<status status="NOT RUN" starttime="20221210 17:52:17.095" endtime="20221210 17:52:17.095"/>
</kw>
<kw name="Então finalizo a compra dos produtos com sucesso!" library="Carrinho_route">
<status status="NOT RUN" starttime="20221210 17:52:17.097" endtime="20221210 17:52:17.097"/>
</kw>
<status status="FAIL" starttime="20221210 17:52:10.616" endtime="20221210 17:52:17.098">Element with locator '//*[@id="summary_tax_label"]' not found.</status>
</test>
<doc>Testando o Carrinho de compras</doc>
<status status="FAIL" starttime="20221210 17:52:10.330" endtime="20221210 17:52:17.101"/>
</suite>
<statistics>
<total>
<stat pass="0" fail="1" skip="0">All Tests</stat>
</total>
<tag>
</tag>
<suite>
<stat pass="0" fail="1" skip="0" id="s1" name="Carrinho">Carrinho</stat>
</suite>
</statistics>
<errors>
</errors>
</robot>
