<?xml version="1.0" encoding="UTF-8"?>
<robot generator="Robot 4.1.2 (Python 3.9.17 on linux)" generated="20230717 15:45:18.857" rpa="false" schemaversion="2">
<suite id="s1" name="Carrinho" source="/app/tests/resources/data/Carrinho/Carrinho.robot">
<test id="s1-t1" name="Cenário 1 - Escolher um produto válido e colocar no Carrinho - Usuario Valido">
<kw name="Logar rapido" library="LoginSteps">
<arg>standard_user</arg>
<arg>secret_sauce</arg>
<kw name="Open Browser" library="Selenium2Library">
<arg>${URL}</arg>
<arg>Firefox</arg>
<doc>Opens a new browser instance to the optional ``url``.</doc>
<msg timestamp="20230717 15:45:19.216" level="INFO">Opening browser 'Firefox' to base url 'https://www.saucedemo.com/'.</msg>
<msg timestamp="20230717 15:45:19.222" level="INFO">Firefox driver log is always forced to to: /output/geckodriver-1.log</msg>
<status status="PASS" starttime="20230717 15:45:19.215" endtime="20230717 15:45:26.788"/>
</kw>
<kw name="Input Text" library="Selenium2Library">
<arg>${input_username}</arg>
<arg>${username}</arg>
<doc>Types the given ``text`` into the text field identified by ``locator``.</doc>
<msg timestamp="20230717 15:45:27.082" level="INFO">Typing text 'standard_user' into text field '//*[@id="user-name"]'.</msg>
<status status="PASS" starttime="20230717 15:45:26.918" endtime="20230717 15:45:27.254"/>
</kw>
<kw name="Input Text" library="Selenium2Library">
<arg>${input_senha}</arg>
<arg>${password}</arg>
<doc>Types the given ``text`` into the text field identified by ``locator``.</doc>
<msg timestamp="20230717 15:45:27.255" level="INFO">Typing text 'secret_sauce' into text field '//*[@id="password"]'.</msg>
<status status="PASS" starttime="20230717 15:45:27.254" endtime="20230717 15:45:27.316"/>
</kw>
<kw name="Click Element" library="Selenium2Library">
<arg>${botao_login}</arg>
<doc>Click the element identified by ``locator``.</doc>
<msg timestamp="20230717 15:45:27.322" level="INFO">Clicking element '//*[@id="login-button"]'.</msg>
<status status="PASS" starttime="20230717 15:45:27.317" endtime="20230717 15:45:27.634"/>
</kw>
<kw name="Get Text" library="Selenium2Library">
<var>${titulo_paginaInicial}</var>
<arg>${verifica_titulo}</arg>
<doc>Returns the text value of the element identified by ``locator``.</doc>
<msg timestamp="20230717 15:45:27.687" level="INFO">${titulo_paginaInicial} = Products</msg>
<status status="PASS" starttime="20230717 15:45:27.635" endtime="20230717 15:45:27.688"/>
</kw>
<kw name="Should Be Equal" library="BuiltIn">
<arg>Products</arg>
<arg>${titulo_paginaInicial}</arg>
<doc>Fails if the given objects are unequal.</doc>
<status status="PASS" starttime="20230717 15:45:27.691" endtime="20230717 15:45:27.701"/>
</kw>
<status status="PASS" starttime="20230717 15:45:19.212" endtime="20230717 15:45:27.706"/>
</kw>
<kw name="Dado que estou na pagina de listagem de Produtos - carrinho" library="CarrinhoSteps">
<kw name="Get Text" library="Selenium2Library">
<var>${titulo_paginaInicial}</var>
<arg>${verifica_titulo}</arg>
<doc>Returns the text value of the element identified by ``locator``.</doc>
<msg timestamp="20230717 15:45:27.736" level="INFO">${titulo_paginaInicial} = Products</msg>
<status status="PASS" starttime="20230717 15:45:27.721" endtime="20230717 15:45:27.736"/>
</kw>
<kw name="Should Be Equal" library="BuiltIn">
<arg>${titulo}</arg>
<arg>${titulo_paginaInicial}</arg>
<doc>Fails if the given objects are unequal.</doc>
<status status="PASS" starttime="20230717 15:45:27.737" endtime="20230717 15:45:27.737"/>
</kw>
<status status="PASS" starttime="20230717 15:45:27.711" endtime="20230717 15:45:27.737"/>
</kw>
<kw name="E escolho um produto" library="CarrinhoSteps">
<kw name="Click Element" library="Selenium2Library">
<arg>${produto_escolhido}</arg>
<doc>Click the element identified by ``locator``.</doc>
<msg timestamp="20230717 15:45:27.738" level="INFO">Clicking element '//*[@id="item_4_title_link"]/div[1]'.</msg>
<status status="PASS" starttime="20230717 15:45:27.738" endtime="20230717 15:45:27.999"/>
</kw>
<kw name="Get Text" library="Selenium2Library">
<var>${titulo_String}</var>
<arg>${produto_escolhido_titulo}</arg>
<doc>Returns the text value of the element identified by ``locator``.</doc>
<msg timestamp="20230717 15:45:28.013" level="INFO">${titulo_String} = Sauce Labs Backpack</msg>
<status status="PASS" starttime="20230717 15:45:27.999" endtime="20230717 15:45:28.013"/>
</kw>
<kw name="Should Be Equal" library="BuiltIn">
<arg>${produto_titulo}</arg>
<arg>${titulo_String}</arg>
<doc>Fails if the given objects are unequal.</doc>
<status status="PASS" starttime="20230717 15:45:28.013" endtime="20230717 15:45:28.014"/>
</kw>
<kw name="Get Text" library="Selenium2Library">
<var>${preco_String}</var>
<arg>${produto_escolhido_preco}</arg>
<doc>Returns the text value of the element identified by ``locator``.</doc>
<msg timestamp="20230717 15:45:28.055" level="INFO">${preco_String} = $29.99</msg>
<status status="PASS" starttime="20230717 15:45:28.014" endtime="20230717 15:45:28.055"/>
</kw>
<kw name="Should Be Equal" library="BuiltIn">
<arg>${produto_preco}</arg>
<arg>${preco_String}</arg>
<doc>Fails if the given objects are unequal.</doc>
<status status="PASS" starttime="20230717 15:45:28.055" endtime="20230717 15:45:28.055"/>
</kw>
<status status="PASS" starttime="20230717 15:45:27.737" endtime="20230717 15:45:28.056"/>
</kw>
<kw name="E adiciono ao Carrinho" library="CarrinhoSteps">
<kw name="Click Element" library="Selenium2Library">
<arg>${add_cart}</arg>
<doc>Click the element identified by ``locator``.</doc>
<msg timestamp="20230717 15:45:28.057" level="INFO">Clicking element '//*[@id="add-to-cart-sauce-labs-backpack"]'.</msg>
<status status="PASS" starttime="20230717 15:45:28.056" endtime="20230717 15:45:28.316"/>
</kw>
<status status="PASS" starttime="20230717 15:45:28.056" endtime="20230717 15:45:28.316"/>
</kw>
<kw name="E clico para visualizar o Carrinho com o produto Escolhido" library="CarrinhoSteps">
<kw name="Click Element" library="Selenium2Library">
<arg>${show_cart}</arg>
<doc>Click the element identified by ``locator``.</doc>
<msg timestamp="20230717 15:45:28.318" level="INFO">Clicking element '//*[@id="shopping_cart_container"]/a[1]'.</msg>
<status status="PASS" starttime="20230717 15:45:28.318" endtime="20230717 15:45:28.563"/>
</kw>
<kw name="Get Text" library="Selenium2Library">
<var>${titulo_String}</var>
<arg>${cart_produto_titulo}</arg>
<doc>Returns the text value of the element identified by ``locator``.</doc>
<msg timestamp="20230717 15:45:28.575" level="INFO">${titulo_String} = Sauce Labs Backpack</msg>
<status status="PASS" starttime="20230717 15:45:28.564" endtime="20230717 15:45:28.576"/>
</kw>
<kw name="Should Be Equal" library="BuiltIn">
<arg>${produto_titulo}</arg>
<arg>${titulo_String}</arg>
<doc>Fails if the given objects are unequal.</doc>
<status status="PASS" starttime="20230717 15:45:28.576" endtime="20230717 15:45:28.576"/>
</kw>
<kw name="Get Text" library="Selenium2Library">
<var>${preco_String}</var>
<arg>${cart_produto_preco}</arg>
<doc>Returns the text value of the element identified by ``locator``.</doc>
<msg timestamp="20230717 15:45:28.591" level="INFO">${preco_String} = $29.99</msg>
<status status="PASS" starttime="20230717 15:45:28.577" endtime="20230717 15:45:28.591"/>
</kw>
<kw name="Should Be Equal" library="BuiltIn">
<arg>${produto_preco}</arg>
<arg>${preco_String}</arg>
<doc>Fails if the given objects are unequal.</doc>
<status status="PASS" starttime="20230717 15:45:28.591" endtime="20230717 15:45:28.591"/>
</kw>
<status status="PASS" starttime="20230717 15:45:28.317" endtime="20230717 15:45:28.591"/>
</kw>
<kw name="Então o produto escolhido está no carrinho!" library="CarrinhoSteps">
<kw name="Close Browser" library="Selenium2Library">
<doc>Closes the current browser.</doc>
<status status="PASS" starttime="20230717 15:45:28.593" endtime="20230717 15:45:29.498"/>
</kw>
<status status="PASS" starttime="20230717 15:45:28.592" endtime="20230717 15:45:29.498"/>
</kw>
<status status="PASS" starttime="20230717 15:45:19.209" endtime="20230717 15:45:29.502"/>
</test>
<test id="s1-t2" name="Cenário 2 - Escolher mais de um produto válido e colocar no Carrinho - Usuario Valido">
<kw name="Logar rapido" library="LoginSteps">
<arg>standard_user</arg>
<arg>secret_sauce</arg>
<kw name="Open Browser" library="Selenium2Library">
<arg>${URL}</arg>
<arg>Firefox</arg>
<doc>Opens a new browser instance to the optional ``url``.</doc>
<msg timestamp="20230717 15:45:29.544" level="INFO">Opening browser 'Firefox' to base url 'https://www.saucedemo.com/'.</msg>
<msg timestamp="20230717 15:45:29.565" level="INFO">Firefox driver log is always forced to to: /output/geckodriver-2.log</msg>
<status status="PASS" starttime="20230717 15:45:29.543" endtime="20230717 15:45:34.379"/>
</kw>
<kw name="Input Text" library="Selenium2Library">
<arg>${input_username}</arg>
<arg>${username}</arg>
<doc>Types the given ``text`` into the text field identified by ``locator``.</doc>
<msg timestamp="20230717 15:45:34.383" level="INFO">Typing text 'standard_user' into text field '//*[@id="user-name"]'.</msg>
<status status="PASS" starttime="20230717 15:45:34.380" endtime="20230717 15:45:34.537"/>
</kw>
<kw name="Input Text" library="Selenium2Library">
<arg>${input_senha}</arg>
<arg>${password}</arg>
<doc>Types the given ``text`` into the text field identified by ``locator``.</doc>
<msg timestamp="20230717 15:45:34.538" level="INFO">Typing text 'secret_sauce' into text field '//*[@id="password"]'.</msg>
<status status="PASS" starttime="20230717 15:45:34.537" endtime="20230717 15:45:34.600"/>
</kw>
<kw name="Click Element" library="Selenium2Library">
<arg>${botao_login}</arg>
<doc>Click the element identified by ``locator``.</doc>
<msg timestamp="20230717 15:45:34.607" level="INFO">Clicking element '//*[@id="login-button"]'.</msg>
<status status="PASS" starttime="20230717 15:45:34.600" endtime="20230717 15:45:35.087"/>
</kw>
<kw name="Get Text" library="Selenium2Library">
<var>${titulo_paginaInicial}</var>
<arg>${verifica_titulo}</arg>
<doc>Returns the text value of the element identified by ``locator``.</doc>
<msg timestamp="20230717 15:45:35.119" level="INFO">${titulo_paginaInicial} = Products</msg>
<status status="PASS" starttime="20230717 15:45:35.087" endtime="20230717 15:45:35.120"/>
</kw>
<kw name="Should Be Equal" library="BuiltIn">
<arg>Products</arg>
<arg>${titulo_paginaInicial}</arg>
<doc>Fails if the given objects are unequal.</doc>
<status status="PASS" starttime="20230717 15:45:35.120" endtime="20230717 15:45:35.121"/>
</kw>
<status status="PASS" starttime="20230717 15:45:29.541" endtime="20230717 15:45:35.122"/>
</kw>
<kw name="Dado que estou na pagina de listagem de Produtos - carrinho" library="CarrinhoSteps">
<kw name="Get Text" library="Selenium2Library">
<var>${titulo_paginaInicial}</var>
<arg>${verifica_titulo}</arg>
<doc>Returns the text value of the element identified by ``locator``.</doc>
<msg timestamp="20230717 15:45:35.135" level="INFO">${titulo_paginaInicial} = Products</msg>
<status status="PASS" starttime="20230717 15:45:35.122" endtime="20230717 15:45:35.135"/>
</kw>
<kw name="Should Be Equal" library="BuiltIn">
<arg>${titulo}</arg>
<arg>${titulo_paginaInicial}</arg>
<doc>Fails if the given objects are unequal.</doc>
<status status="PASS" starttime="20230717 15:45:35.135" endtime="20230717 15:45:35.136"/>
</kw>
<status status="PASS" starttime="20230717 15:45:35.122" endtime="20230717 15:45:35.136"/>
</kw>
<kw name="E escolho mais de um produto" library="CarrinhoSteps">
<kw name="Click Element" library="Selenium2Library">
<arg>${produto_escolhido}</arg>
<doc>Click the element identified by ``locator``.</doc>
<msg timestamp="20230717 15:45:35.137" level="INFO">Clicking element '//*[@id="item_4_title_link"]/div[1]'.</msg>
<status status="PASS" starttime="20230717 15:45:35.137" endtime="20230717 15:45:35.385"/>
</kw>
<kw name="Get Text" library="Selenium2Library">
<var>${titulo_String}</var>
<arg>${produto_escolhido_titulo}</arg>
<doc>Returns the text value of the element identified by ``locator``.</doc>
<msg timestamp="20230717 15:45:35.406" level="INFO">${titulo_String} = Sauce Labs Backpack</msg>
<status status="PASS" starttime="20230717 15:45:35.386" endtime="20230717 15:45:35.406"/>
</kw>
<kw name="Should Be Equal" library="BuiltIn">
<arg>${produto_titulo}</arg>
<arg>${titulo_String}</arg>
<doc>Fails if the given objects are unequal.</doc>
<status status="PASS" starttime="20230717 15:45:35.406" endtime="20230717 15:45:35.407"/>
</kw>
<kw name="Get Text" library="Selenium2Library">
<var>${preco_String}</var>
<arg>${produto_escolhido_preco}</arg>
<doc>Returns the text value of the element identified by ``locator``.</doc>
<msg timestamp="20230717 15:45:35.422" level="INFO">${preco_String} = $29.99</msg>
<status status="PASS" starttime="20230717 15:45:35.407" endtime="20230717 15:45:35.422"/>
</kw>
<kw name="Should Be Equal" library="BuiltIn">
<arg>${produto_preco}</arg>
<arg>${preco_String}</arg>
<doc>Fails if the given objects are unequal.</doc>
<status status="PASS" starttime="20230717 15:45:35.423" endtime="20230717 15:45:35.423"/>
</kw>
<kw name="Click Element" library="Selenium2Library">
<arg>${botao_voltar}</arg>
<doc>Click the element identified by ``locator``.</doc>
<msg timestamp="20230717 15:45:35.424" level="INFO">Clicking element '//*[@id="back-to-products"]'.</msg>
<status status="PASS" starttime="20230717 15:45:35.423" endtime="20230717 15:45:35.719"/>
</kw>
<kw name="Click Element" library="Selenium2Library">
<arg>${produto_escolhido_2}</arg>
<doc>Click the element identified by ``locator``.</doc>
<msg timestamp="20230717 15:45:35.721" level="INFO">Clicking element '//*[@id="item_0_title_link"]/div[1]'.</msg>
<status status="PASS" starttime="20230717 15:45:35.720" endtime="20230717 15:45:35.986"/>
</kw>
<kw name="Get Text" library="Selenium2Library">
<var>${titulo_String_2}</var>
<arg>${produto_escolhido_titulo}</arg>
<doc>Returns the text value of the element identified by ``locator``.</doc>
<msg timestamp="20230717 15:45:35.998" level="INFO">${titulo_String_2} = Sauce Labs Bike Light</msg>
<status status="PASS" starttime="20230717 15:45:35.987" endtime="20230717 15:45:35.998"/>
</kw>
<kw name="Should Be Equal" library="BuiltIn">
<arg>${produto_titulo_2}</arg>
<arg>${titulo_String_2}</arg>
<doc>Fails if the given objects are unequal.</doc>
<status status="PASS" starttime="20230717 15:45:35.998" endtime="20230717 15:45:35.999"/>
</kw>
<kw name="Get Text" library="Selenium2Library">
<var>${preco_String_2}</var>
<arg>${produto_escolhido_preco}</arg>
<doc>Returns the text value of the element identified by ``locator``.</doc>
<msg timestamp="20230717 15:45:36.010" level="INFO">${preco_String_2} = $9.99</msg>
<status status="PASS" starttime="20230717 15:45:35.999" endtime="20230717 15:45:36.010"/>
</kw>
<kw name="Should Be Equal" library="BuiltIn">
<arg>${produto_preco_2}</arg>
<arg>${preco_String_2}</arg>
<doc>Fails if the given objects are unequal.</doc>
<status status="PASS" starttime="20230717 15:45:36.010" endtime="20230717 15:45:36.011"/>
</kw>
<kw name="Click Element" library="Selenium2Library">
<arg>${botao_voltar}</arg>
<doc>Click the element identified by ``locator``.</doc>
<msg timestamp="20230717 15:45:36.011" level="INFO">Clicking element '//*[@id="back-to-products"]'.</msg>
<status status="PASS" starttime="20230717 15:45:36.011" endtime="20230717 15:45:36.255"/>
</kw>
<kw name="Click Element" library="Selenium2Library">
<arg>${produto_escolhido_3}</arg>
<doc>Click the element identified by ``locator``.</doc>
<msg timestamp="20230717 15:45:36.256" level="INFO">Clicking element '//*[@id="item_1_title_link"]/div[1]'.</msg>
<status status="PASS" starttime="20230717 15:45:36.256" endtime="20230717 15:45:36.539"/>
</kw>
<kw name="Get Text" library="Selenium2Library">
<var>${titulo_String_3}</var>
<arg>${produto_escolhido_titulo}</arg>
<doc>Returns the text value of the element identified by ``locator``.</doc>
<msg timestamp="20230717 15:45:36.551" level="INFO">${titulo_String_3} = Sauce Labs Bolt T-Shirt</msg>
<status status="PASS" starttime="20230717 15:45:36.539" endtime="20230717 15:45:36.551"/>
</kw>
<kw name="Should Be Equal" library="BuiltIn">
<arg>${produto_titulo_3}</arg>
<arg>${titulo_String_3}</arg>
<doc>Fails if the given objects are unequal.</doc>
<status status="PASS" starttime="20230717 15:45:36.552" endtime="20230717 15:45:36.554"/>
</kw>
<kw name="Get Text" library="Selenium2Library">
<var>${preco_String_3}</var>
<arg>${produto_escolhido_preco}</arg>
<doc>Returns the text value of the element identified by ``locator``.</doc>
<msg timestamp="20230717 15:45:36.568" level="INFO">${preco_String_3} = $15.99</msg>
<status status="PASS" starttime="20230717 15:45:36.554" endtime="20230717 15:45:36.568"/>
</kw>
<kw name="Should Be Equal" library="BuiltIn">
<arg>${produto_preco_3}</arg>
<arg>${preco_String_3}</arg>
<doc>Fails if the given objects are unequal.</doc>
<status status="PASS" starttime="20230717 15:45:36.569" endtime="20230717 15:45:36.572"/>
</kw>
<kw name="Click Element" library="Selenium2Library">
<arg>${botao_voltar}</arg>
<doc>Click the element identified by ``locator``.</doc>
<msg timestamp="20230717 15:45:36.575" level="INFO">Clicking element '//*[@id="back-to-products"]'.</msg>
<status status="PASS" starttime="20230717 15:45:36.574" endtime="20230717 15:45:36.840"/>
</kw>
<status status="PASS" starttime="20230717 15:45:35.136" endtime="20230717 15:45:36.840"/>
</kw>
<kw name="E adiciono os produtos escolhidos ao Carrinho" library="CarrinhoSteps">
<kw name="Click Element" library="Selenium2Library">
<arg>${add_cart}</arg>
<doc>Click the element identified by ``locator``.</doc>
<msg timestamp="20230717 15:45:36.843" level="INFO">Clicking element '//*[@id="add-to-cart-sauce-labs-backpack"]'.</msg>
<status status="PASS" starttime="20230717 15:45:36.842" endtime="20230717 15:45:37.078"/>
</kw>
<kw name="Click Element" library="Selenium2Library">
<arg>${add_cart_2}</arg>
<doc>Click the element identified by ``locator``.</doc>
<msg timestamp="20230717 15:45:37.080" level="INFO">Clicking element '//*[@id="add-to-cart-sauce-labs-bike-light"]'.</msg>
<status status="PASS" starttime="20230717 15:45:37.079" endtime="20230717 15:45:37.316"/>
</kw>
<kw name="Click Element" library="Selenium2Library">
<arg>${add_cart_3}</arg>
<doc>Click the element identified by ``locator``.</doc>
<msg timestamp="20230717 15:45:37.318" level="INFO">Clicking element '//*[@id="add-to-cart-sauce-labs-bolt-t-shirt"]'.</msg>
<status status="PASS" starttime="20230717 15:45:37.317" endtime="20230717 15:45:37.552"/>
</kw>
<status status="PASS" starttime="20230717 15:45:36.841" endtime="20230717 15:45:37.553"/>
</kw>
<kw name="E clico para visualizar o Carrinho com os produtos Escolhidos" library="CarrinhoSteps">
<kw name="Click Element" library="Selenium2Library">
<arg>${show_cart}</arg>
<doc>Click the element identified by ``locator``.</doc>
<msg timestamp="20230717 15:45:37.555" level="INFO">Clicking element '//*[@id="shopping_cart_container"]/a[1]'.</msg>
<status status="PASS" starttime="20230717 15:45:37.554" endtime="20230717 15:45:37.819"/>
</kw>
<kw name="Get Text" library="Selenium2Library">
<var>${titulo_String}</var>
<arg>${cart_produto_titulo}</arg>
<doc>Returns the text value of the element identified by ``locator``.</doc>
<msg timestamp="20230717 15:45:37.840" level="INFO">${titulo_String} = Sauce Labs Backpack</msg>
<status status="PASS" starttime="20230717 15:45:37.819" endtime="20230717 15:45:37.840"/>
</kw>
<kw name="Should Be Equal" library="BuiltIn">
<arg>${produto_titulo}</arg>
<arg>${titulo_String}</arg>
<doc>Fails if the given objects are unequal.</doc>
<status status="PASS" starttime="20230717 15:45:37.840" endtime="20230717 15:45:37.841"/>
</kw>
<kw name="Get Text" library="Selenium2Library">
<var>${preco_String}</var>
<arg>${cart_produto_preco}</arg>
<doc>Returns the text value of the element identified by ``locator``.</doc>
<msg timestamp="20230717 15:45:37.860" level="INFO">${preco_String} = $29.99</msg>
<status status="PASS" starttime="20230717 15:45:37.841" endtime="20230717 15:45:37.860"/>
</kw>
<kw name="Should Be Equal" library="BuiltIn">
<arg>${produto_preco}</arg>
<arg>${preco_String}</arg>
<doc>Fails if the given objects are unequal.</doc>
<status status="PASS" starttime="20230717 15:45:37.860" endtime="20230717 15:45:37.861"/>
</kw>
<kw name="Get Text" library="Selenium2Library">
<var>${titulo_String_2}</var>
<arg>${cart_produto_titulo_2}</arg>
<doc>Returns the text value of the element identified by ``locator``.</doc>
<msg timestamp="20230717 15:45:37.882" level="INFO">${titulo_String_2} = Sauce Labs Bike Light</msg>
<status status="PASS" starttime="20230717 15:45:37.862" endtime="20230717 15:45:37.882"/>
</kw>
<kw name="Should Be Equal" library="BuiltIn">
<arg>${produto_titulo_2}</arg>
<arg>${titulo_String_2}</arg>
<doc>Fails if the given objects are unequal.</doc>
<status status="PASS" starttime="20230717 15:45:37.882" endtime="20230717 15:45:37.883"/>
</kw>
<kw name="Get Text" library="Selenium2Library">
<var>${preco_String_2}</var>
<arg>${cart_produto_preco_2}</arg>
<doc>Returns the text value of the element identified by ``locator``.</doc>
<msg timestamp="20230717 15:45:37.900" level="INFO">${preco_String_2} = $9.99</msg>
<status status="PASS" starttime="20230717 15:45:37.883" endtime="20230717 15:45:37.900"/>
</kw>
<kw name="Should Be Equal" library="BuiltIn">
<arg>${produto_preco_2}</arg>
<arg>${preco_String_2}</arg>
<doc>Fails if the given objects are unequal.</doc>
<status status="PASS" starttime="20230717 15:45:37.900" endtime="20230717 15:45:37.901"/>
</kw>
<kw name="Get Text" library="Selenium2Library">
<var>${titulo_String_3}</var>
<arg>${cart_produto_titulo_3}</arg>
<doc>Returns the text value of the element identified by ``locator``.</doc>
<msg timestamp="20230717 15:45:37.915" level="INFO">${titulo_String_3} = Sauce Labs Bolt T-Shirt</msg>
<status status="PASS" starttime="20230717 15:45:37.901" endtime="20230717 15:45:37.915"/>
</kw>
<kw name="Should Be Equal" library="BuiltIn">
<arg>${produto_titulo_3}</arg>
<arg>${titulo_String_3}</arg>
<doc>Fails if the given objects are unequal.</doc>
<status status="PASS" starttime="20230717 15:45:37.915" endtime="20230717 15:45:37.916"/>
</kw>
<kw name="Get Text" library="Selenium2Library">
<var>${preco_String_3}</var>
<arg>${cart_produto_preco_3}</arg>
<doc>Returns the text value of the element identified by ``locator``.</doc>
<msg timestamp="20230717 15:45:37.932" level="INFO">${preco_String_3} = $15.99</msg>
<status status="PASS" starttime="20230717 15:45:37.916" endtime="20230717 15:45:37.932"/>
</kw>
<kw name="Should Be Equal" library="BuiltIn">
<arg>${produto_preco_3}</arg>
<arg>${preco_String_3}</arg>
<doc>Fails if the given objects are unequal.</doc>
<status status="PASS" starttime="20230717 15:45:37.933" endtime="20230717 15:45:37.934"/>
</kw>
<status status="PASS" starttime="20230717 15:45:37.553" endtime="20230717 15:45:37.934"/>
</kw>
<kw name="Então os produtos escolhidos estão no carrinho!" library="CarrinhoSteps">
<kw name="Close Browser" library="Selenium2Library">
<doc>Closes the current browser.</doc>
<status status="PASS" starttime="20230717 15:45:37.935" endtime="20230717 15:45:38.702"/>
</kw>
<status status="PASS" starttime="20230717 15:45:37.934" endtime="20230717 15:45:38.702"/>
</kw>
<status status="PASS" starttime="20230717 15:45:29.526" endtime="20230717 15:45:38.702"/>
</test>
<test id="s1-t3" name="Cenário 1 - Escolher um produto válido e colocar no Carrinho - Usuario Bloqueado">
<kw name="Logar rapido" library="LoginSteps">
<arg>locked_out_user</arg>
<arg>secret_sauce</arg>
<kw name="Open Browser" library="Selenium2Library">
<arg>${URL}</arg>
<arg>Firefox</arg>
<doc>Opens a new browser instance to the optional ``url``.</doc>
<msg timestamp="20230717 15:45:38.712" level="INFO">Opening browser 'Firefox' to base url 'https://www.saucedemo.com/'.</msg>
<msg timestamp="20230717 15:45:38.721" level="INFO">Firefox driver log is always forced to to: /output/geckodriver-3.log</msg>
<status status="PASS" starttime="20230717 15:45:38.711" endtime="20230717 15:45:43.896"/>
</kw>
<kw name="Input Text" library="Selenium2Library">
<arg>${input_username}</arg>
<arg>${username}</arg>
<doc>Types the given ``text`` into the text field identified by ``locator``.</doc>
<msg timestamp="20230717 15:45:43.898" level="INFO">Typing text 'locked_out_user' into text field '//*[@id="user-name"]'.</msg>
<status status="PASS" starttime="20230717 15:45:43.897" endtime="20230717 15:45:44.047"/>
</kw>
<kw name="Input Text" library="Selenium2Library">
<arg>${input_senha}</arg>
<arg>${password}</arg>
<doc>Types the given ``text`` into the text field identified by ``locator``.</doc>
<msg timestamp="20230717 15:45:44.048" level="INFO">Typing text 'secret_sauce' into text field '//*[@id="password"]'.</msg>
<status status="PASS" starttime="20230717 15:45:44.048" endtime="20230717 15:45:44.136"/>
</kw>
<kw name="Click Element" library="Selenium2Library">
<arg>${botao_login}</arg>
<doc>Click the element identified by ``locator``.</doc>
<msg timestamp="20230717 15:45:44.137" level="INFO">Clicking element '//*[@id="login-button"]'.</msg>
<status status="PASS" starttime="20230717 15:45:44.136" endtime="20230717 15:45:44.440"/>
</kw>
<kw name="Get Text" library="Selenium2Library">
<var>${titulo_paginaInicial}</var>
<arg>${verifica_titulo}</arg>
<doc>Returns the text value of the element identified by ``locator``.</doc>
<kw name="Capture Page Screenshot" library="Selenium2Library">
<doc>Takes a screenshot of the current page and embeds it into a log file.</doc>
<msg timestamp="20230717 15:45:44.587" level="INFO" html="true">&lt;/td&gt;&lt;/tr&gt;&lt;tr&gt;&lt;td colspan="3"&gt;&lt;a href="selenium-screenshot-1.png"&gt;&lt;img src="selenium-screenshot-1.png" width="800px"&gt;&lt;/a&gt;</msg>
<status status="PASS" starttime="20230717 15:45:44.451" endtime="20230717 15:45:44.587"/>
</kw>
<msg timestamp="20230717 15:45:44.629" level="FAIL">Element with locator '//*[@id="header_container"]/div[2]/span[1]' not found.</msg>
<status status="FAIL" starttime="20230717 15:45:44.441" endtime="20230717 15:45:44.630"/>
</kw>
<kw name="Should Be Equal" library="BuiltIn">
<arg>Products</arg>
<arg>${titulo_paginaInicial}</arg>
<doc>Fails if the given objects are unequal.</doc>
<status status="NOT RUN" starttime="20230717 15:45:44.631" endtime="20230717 15:45:44.632"/>
</kw>
<status status="FAIL" starttime="20230717 15:45:38.709" endtime="20230717 15:45:44.639"/>
</kw>
<kw name="Dado que estou na pagina de listagem de Produtos - carrinho" library="CarrinhoSteps">
<status status="NOT RUN" starttime="20230717 15:45:44.639" endtime="20230717 15:45:44.639"/>
</kw>
<kw name="E escolho um produto" library="CarrinhoSteps">
<status status="NOT RUN" starttime="20230717 15:45:44.640" endtime="20230717 15:45:44.640"/>
</kw>
<kw name="E adiciono ao Carrinho" library="CarrinhoSteps">
<status status="NOT RUN" starttime="20230717 15:45:44.640" endtime="20230717 15:45:44.640"/>
</kw>
<kw name="E clico para visualizar o Carrinho com o produto Escolhido" library="CarrinhoSteps">
<status status="NOT RUN" starttime="20230717 15:45:44.640" endtime="20230717 15:45:44.640"/>
</kw>
<kw name="Então o produto escolhido está no carrinho!" library="CarrinhoSteps">
<status status="NOT RUN" starttime="20230717 15:45:44.640" endtime="20230717 15:45:44.640"/>
</kw>
<status status="FAIL" starttime="20230717 15:45:38.706" endtime="20230717 15:45:44.641">Element with locator '//*[@id="header_container"]/div[2]/span[1]' not found.</status>
</test>
<test id="s1-t4" name="Cenário 2 - Escolher mais de um produto válido e colocar no Carrinho - Usuario Bloqueado">
<kw name="Logar rapido" library="LoginSteps">
<arg>locked_out_user</arg>
<arg>secret_sauce</arg>
<kw name="Open Browser" library="Selenium2Library">
<arg>${URL}</arg>
<arg>Firefox</arg>
<doc>Opens a new browser instance to the optional ``url``.</doc>
<msg timestamp="20230717 15:45:44.648" level="INFO">Opening browser 'Firefox' to base url 'https://www.saucedemo.com/'.</msg>
<msg timestamp="20230717 15:45:44.657" level="INFO">Firefox driver log is always forced to to: /output/geckodriver-4.log</msg>
<status status="PASS" starttime="20230717 15:45:44.647" endtime="20230717 15:45:50.734"/>
</kw>
<kw name="Input Text" library="Selenium2Library">
<arg>${input_username}</arg>
<arg>${username}</arg>
<doc>Types the given ``text`` into the text field identified by ``locator``.</doc>
<msg timestamp="20230717 15:45:50.739" level="INFO">Typing text 'locked_out_user' into text field '//*[@id="user-name"]'.</msg>
<status status="PASS" starttime="20230717 15:45:50.734" endtime="20230717 15:45:51.027"/>
</kw>
<kw name="Input Text" library="Selenium2Library">
<arg>${input_senha}</arg>
<arg>${password}</arg>
<doc>Types the given ``text`` into the text field identified by ``locator``.</doc>
<msg timestamp="20230717 15:45:51.029" level="INFO">Typing text 'secret_sauce' into text field '//*[@id="password"]'.</msg>
<status status="PASS" starttime="20230717 15:45:51.027" endtime="20230717 15:45:51.144"/>
</kw>
<kw name="Click Element" library="Selenium2Library">
<arg>${botao_login}</arg>
<doc>Click the element identified by ``locator``.</doc>
<msg timestamp="20230717 15:45:51.146" level="INFO">Clicking element '//*[@id="login-button"]'.</msg>
<status status="PASS" starttime="20230717 15:45:51.145" endtime="20230717 15:45:51.456"/>
</kw>
<kw name="Get Text" library="Selenium2Library">
<var>${titulo_paginaInicial}</var>
<arg>${verifica_titulo}</arg>
<doc>Returns the text value of the element identified by ``locator``.</doc>
<kw name="Capture Page Screenshot" library="Selenium2Library">
<doc>Takes a screenshot of the current page and embeds it into a log file.</doc>
<msg timestamp="20230717 15:45:51.514" level="INFO" html="true">&lt;/td&gt;&lt;/tr&gt;&lt;tr&gt;&lt;td colspan="3"&gt;&lt;a href="selenium-screenshot-2.png"&gt;&lt;img src="selenium-screenshot-2.png" width="800px"&gt;&lt;/a&gt;</msg>
<status status="PASS" starttime="20230717 15:45:51.463" endtime="20230717 15:45:51.514"/>
</kw>
<msg timestamp="20230717 15:45:51.523" level="FAIL">Element with locator '//*[@id="header_container"]/div[2]/span[1]' not found.</msg>
<status status="FAIL" starttime="20230717 15:45:51.457" endtime="20230717 15:45:51.523"/>
</kw>
<kw name="Should Be Equal" library="BuiltIn">
<arg>Products</arg>
<arg>${titulo_paginaInicial}</arg>
<doc>Fails if the given objects are unequal.</doc>
<status status="NOT RUN" starttime="20230717 15:45:51.523" endtime="20230717 15:45:51.523"/>
</kw>
<status status="FAIL" starttime="20230717 15:45:44.646" endtime="20230717 15:45:51.524"/>
</kw>
<kw name="Dado que estou na pagina de listagem de Produtos - carrinho" library="CarrinhoSteps">
<status status="NOT RUN" starttime="20230717 15:45:51.524" endtime="20230717 15:45:51.525"/>
</kw>
<kw name="E escolho mais de um produto" library="CarrinhoSteps">
<status status="NOT RUN" starttime="20230717 15:45:51.525" endtime="20230717 15:45:51.525"/>
</kw>
<kw name="E adiciono os produtos escolhidos ao Carrinho" library="CarrinhoSteps">
<status status="NOT RUN" starttime="20230717 15:45:51.525" endtime="20230717 15:45:51.525"/>
</kw>
<kw name="E clico para visualizar o Carrinho com os produtos Escolhidos" library="CarrinhoSteps">
<status status="NOT RUN" starttime="20230717 15:45:51.525" endtime="20230717 15:45:51.525"/>
</kw>
<kw name="Então os produtos escolhidos estão no carrinho!" library="CarrinhoSteps">
<status status="NOT RUN" starttime="20230717 15:45:51.526" endtime="20230717 15:45:51.526"/>
</kw>
<status status="FAIL" starttime="20230717 15:45:44.645" endtime="20230717 15:45:51.526">Element with locator '//*[@id="header_container"]/div[2]/span[1]' not found.</status>
</test>
<test id="s1-t5" name="Cenário 1 - Escolher um produto válido e colocar no Carrinho - Usuario Com Problemas">
<kw name="Logar rapido" library="LoginSteps">
<arg>problem_user</arg>
<arg>secret_sauce</arg>
<kw name="Open Browser" library="Selenium2Library">
<arg>${URL}</arg>
<arg>Firefox</arg>
<doc>Opens a new browser instance to the optional ``url``.</doc>
<msg timestamp="20230717 15:45:51.530" level="INFO">Opening browser 'Firefox' to base url 'https://www.saucedemo.com/'.</msg>
<msg timestamp="20230717 15:45:51.540" level="INFO">Firefox driver log is always forced to to: /output/geckodriver-5.log</msg>
<status status="PASS" starttime="20230717 15:45:51.530" endtime="20230717 15:45:59.118"/>
</kw>
<kw name="Input Text" library="Selenium2Library">
<arg>